======================================================================
  v7 — 4-VSM Pipeline Language Model
======================================================================

Architecture: 4 stages, positions [512, 64, 8, 1]
  Stage 1 (Surface) [TERNARY]: 2L 4H d=256 ff=512 pos=512 — 333,568 params
  Stage 2 (Structural): 3L 4H d=256 ff=512 pos=64 — 1,967,872 params
  Stage 3 (Semantic): 4L 8H d=256 ff=1024 pos=8 — 4,196,608 params
  Stage 4 (Reasoning): 6L 8H d=256 ff=1024 pos=1 — 6,294,784 params
  Reducers: 805,888 params
  Feedback: 788,224 params
  Embedding: 12,870,912 params (tied)
  Total: 27,258,112 params
  Hot path: 393,216 bytes (ternary) = 384 KB

Data: /Users/mwhitford/data/fractal-bitnet/shards
  Batch: 8 × 4 accum × 512 seq = 16,384 tokens/step
  Total: 165,000 steps = 2703.4M tokens

  Ternary: 1,572,864 weights (393,216 packed bytes)
  Flip interval: 50 steps, base rate: 0.1%

Training config: lr=0.0003, warmup=500, steps=165000
  Eval every 2500 steps, checkpoint every 10000 steps

======================================================================

step      1 │ loss 11.3277  r=1.000  lr=6.00e-07  ‖g‖=2.0  phase=EEEE(E)  48.8k tok/s  0.34s
         │ CE1=11.333 CE2=11.340 CE3=11.353 CE4=11.344
         │ Δ2=-0.007 Δ3=-0.014 Δ4=+0.009
         │ r1=1.000 r2=1.000 r3=1.000 r4=1.000  │  δ1=-0.0004 δ2=-0.0007 δ3=+0.0005
step    100 │ loss 8.4701  r=0.742  lr=6.00e-05  ‖g‖=1.1  phase=EEEE(E)  55.5k tok/s  0.30s
         │ CE1=10.124 CE2=8.760 CE3=8.634 CE4=8.620
         │ Δ2=+1.363 Δ3=+0.127 Δ4=+0.013
         │ r1=0.834 r2=0.821 r3=0.837 r4=0.838  │  δ1=+0.0678 δ2=+0.0057 δ3=+0.0011
         │ flips: 3,147(+0 rev) this check  total: 6,300 flips, 0 rev (0.0%)  scale=2.00
step    200 │ loss 7.5986  r=0.647  lr=1.20e-04  ‖g‖=0.6  phase=EEEE(E)  55.0k tok/s  0.30s
         │ CE1=8.939 CE2=7.781 CE3=7.751 CE4=7.751
         │ Δ2=+1.157 Δ3=+0.031 Δ4=+0.000
         │ r1=0.680 r2=0.660 r3=0.689 r4=0.690  │  δ1=+0.1223 δ2=+0.0069 δ3=+0.0011
         │ flips: 2,929(+0 rev) this check  total: 12,296 flips, 0 rev (0.0%)  scale=2.00
step    300 │ loss 7.7380  r=0.662  lr=1.80e-04  ‖g‖=0.6  phase=EEEE(E)  55.2k tok/s  0.30s
         │ CE1=8.410 CE2=7.712 CE3=7.669 CE4=7.669
         │ Δ2=+0.698 Δ3=+0.043 Δ4=+0.000
         │ r1=0.667 r2=0.642 r3=0.678 r4=0.680  │  δ1=+0.1511 δ2=+0.0087 δ3=+0.0010
         │ flips: 2,091(+0 rev) this check  total: 16,928 flips, 0 rev (0.0%)  scale=2.00
step    400 │ loss 7.6950  r=0.657  lr=2.40e-04  ‖g‖=0.8  phase=EEEE(E)  55.7k tok/s  0.29s
         │ CE1=8.107 CE2=7.528 CE3=7.460 CE4=7.461
         │ Δ2=+0.579 Δ3=+0.068 Δ4=-0.000
         │ r1=0.649 r2=0.621 r3=0.661 r4=0.664  │  δ1=+0.1725 δ2=+0.0117 δ3=+0.0010
         │ flips: 1,900(+0 rev) this check  total: 20,882 flips, 0 rev (0.0%)  scale=2.00
step    500 │ loss 7.2983  r=0.614  lr=3.00e-04  ‖g‖=0.8  phase=EEEE(E)  55.9k tok/s  0.29s
         │ CE1=7.923 CE2=7.430 CE3=7.250 CE4=7.250
         │ Δ2=+0.493 Δ3=+0.180 Δ4=+0.000
         │ r1=0.629 r2=0.598 r3=0.640 r4=0.645  │  δ1=+0.1885 δ2=+0.0201 δ3=+0.0009
         │ flips: 2,311(+2 rev) this check  total: 25,459 flips, 3 rev (0.0%)  scale=2.00
step    600 │ loss 6.8760  r=0.568  lr=3.00e-04  ‖g‖=0.9  phase=EEEE(E)  54.4k tok/s  0.30s
         │ CE1=7.638 CE2=7.053 CE3=6.868 CE4=6.868
         │ Δ2=+0.585 Δ3=+0.185 Δ4=-0.000
         │ r1=0.594 r2=0.561 r3=0.605 r4=0.612  │  δ1=+0.2083 δ2=+0.0284 δ3=+0.0008
         │ flips: 1,700(+11 rev) this check  total: 29,005 flips, 22 rev (0.1%)  scale=1.98
step    700 │ loss 6.8455  r=0.564  lr=3.00e-04  ‖g‖=1.1  phase=EEEE(E)  53.7k tok/s  0.31s
         │ CE1=7.426 CE2=6.932 CE3=6.680 CE4=6.678
         │ Δ2=+0.494 Δ3=+0.252 Δ4=+0.001
         │ r1=0.569 r2=0.537 r3=0.578 r4=0.587  │  δ1=+0.2226 δ2=+0.0396 δ3=+0.0009
         │ flips: 1,197(+19 rev) this check  total: 31,671 flips, 55 rev (0.2%)  scale=1.90
step    800 │ loss 6.6880  r=0.547  lr=3.00e-04  ‖g‖=1.4  phase=EEEE(E)  52.7k tok/s  0.31s
         │ CE1=7.362 CE2=6.868 CE3=6.588 CE4=6.588
         │ Δ2=+0.495 Δ3=+0.280 Δ4=-0.000
         │ r1=0.555 r2=0.524 r3=0.561 r4=0.574  │  δ1=+0.2362 δ2=+0.0516 δ3=+0.0008
         │ flips: 1,173(+41 rev) this check  total: 34,215 flips, 120 rev (0.4%)  scale=1.85
step    900 │ loss 6.6393  r=0.542  lr=3.00e-04  ‖g‖=1.5  phase=EEEE(E)  52.8k tok/s  0.31s
         │ CE1=7.352 CE2=6.912 CE3=6.633 CE4=6.633
         │ Δ2=+0.440 Δ3=+0.279 Δ4=+0.000
         │ r1=0.540 r2=0.509 r3=0.543 r4=0.559  │  δ1=+0.2464 δ2=+0.0630 δ3=+0.0008
         │ flips: 1,173(+62 rev) this check  total: 36,733 flips, 231 rev (0.6%)  scale=1.81
step   1000 │ loss 6.3953  r=0.515  lr=3.00e-04  ‖g‖=1.5  phase=EEEE(E)  52.0k tok/s  0.32s
         │ CE1=7.116 CE2=6.571 CE3=6.265 CE4=6.265
         │ Δ2=+0.545 Δ3=+0.307 Δ4=-0.001
         │ r1=0.530 r2=0.501 r3=0.532 r4=0.551  │  δ1=+0.2613 δ2=+0.0752 δ3=+0.0007
         │ flips: 1,222(+74 rev) this check  total: 39,285 flips, 335 rev (0.9%)  scale=1.77
step   1100 │ loss 6.2928  r=0.504  lr=3.00e-04  ‖g‖=1.4  phase=EEEE(E)  53.0k tok/s  0.31s
         │ CE1=7.065 CE2=6.582 CE3=6.227 CE4=6.227
         │ Δ2=+0.483 Δ3=+0.354 Δ4=+0.001
         │ r1=0.525 r2=0.495 r3=0.523 r4=0.545  │  δ1=+0.2724 δ2=+0.0891 δ3=+0.0007
         │ flips: 1,088(+42 rev) this check  total: 41,537 flips, 506 rev (1.2%)  scale=1.76
step   1200 │ loss 6.2765  r=0.502  lr=3.00e-04  ‖g‖=2.0  phase=EEEE(E)  51.5k tok/s  0.32s
         │ CE1=7.244 CE2=6.677 CE3=6.358 CE4=6.358
         │ Δ2=+0.567 Δ3=+0.320 Δ4=-0.000
         │ r1=0.517 r2=0.486 r3=0.511 r4=0.536  │  δ1=+0.2872 δ2=+0.1006 δ3=+0.0007
         │ flips: 1,420(+79 rev) this check  total: 44,531 flips, 711 rev (1.6%)  scale=1.73
step   1300 │ loss 6.2777  r=0.502  lr=3.00e-04  ‖g‖=1.7  phase=EEEE(E)  51.7k tok/s  0.32s
         │ CE1=6.988 CE2=6.519 CE3=6.152 CE4=6.152
         │ Δ2=+0.469 Δ3=+0.368 Δ4=-0.000
         │ r1=0.514 r2=0.485 r3=0.506 r4=0.535  │  δ1=+0.2962 δ2=+0.1140 δ3=+0.0006
         │ flips: 1,175(+54 rev) this check  total: 46,958 flips, 907 rev (1.9%)  scale=1.72
step   1400 │ loss 6.2368  r=0.498  lr=3.00e-04  ‖g‖=1.7  phase=EEEE(E)  50.0k tok/s  0.33s
         │ CE1=7.081 CE2=6.665 CE3=6.251 CE4=6.251
         │ Δ2=+0.416 Δ3=+0.414 Δ4=-0.000
         │ r1=0.512 r2=0.482 r3=0.500 r4=0.532  │  δ1=+0.3022 δ2=+0.1290 δ3=+0.0006
         │ flips: 1,359(+103 rev) this check  total: 49,555 flips, 1,094 rev (2.2%)  scale=1.71
step   1500 │ loss 6.4283  r=0.519  lr=3.00e-04  ‖g‖=2.1  phase=EBEE(E)  50.5k tok/s  0.32s
         │ CE1=7.132 CE2=6.651 CE3=6.254 CE4=6.254
         │ Δ2=+0.482 Δ3=+0.397 Δ4=+0.000
         │ r1=0.505 r2=0.475 r3=0.490 r4=0.525  │  δ1=+0.3112 δ2=+0.1424 δ3=+0.0006
         │ flips: 1,387(+49 rev) this check  total: 52,393 flips, 1,196 rev (2.3%)  scale=1.69
step   1600 │ loss 6.1464  r=0.488  lr=3.00e-04  ‖g‖=1.7  phase=EBEE(E)  51.1k tok/s  0.32s
         │ CE1=6.974 CE2=6.545 CE3=6.123 CE4=6.122
         │ Δ2=+0.429 Δ3=+0.422 Δ4=+0.000
         │ r1=0.503 r2=0.474 r3=0.485 r4=0.524  │  δ1=+0.3171 δ2=+0.1564 δ3=+0.0006
         │ flips: 1,011(+92 rev) this check  total: 54,422 flips, 1,405 rev (2.6%)  scale=1.68
step   1700 │ loss 6.0749  r=0.480  lr=3.00e-04  ‖g‖=2.3  phase=BBBB(E)  50.3k tok/s  0.33s
         │ CE1=6.905 CE2=6.407 CE3=5.969 CE4=5.969
         │ Δ2=+0.498 Δ3=+0.438 Δ4=-0.000
         │ r1=0.496 r2=0.467 r3=0.474 r4=0.517  │  δ1=+0.3261 δ2=+0.1705 δ3=+0.0005
         │ flips: 816(+130 rev) this check  total: 56,326 flips, 1,662 rev (3.0%)  scale=1.66
step   1800 │ loss 6.3233  r=0.507  lr=3.00e-04  ‖g‖=1.8  phase=BBBB(E)  49.3k tok/s  0.33s
         │ CE1=7.077 CE2=6.703 CE3=6.229 CE4=6.229
         │ Δ2=+0.375 Δ3=+0.474 Δ4=-0.000
         │ r1=0.497 r2=0.468 r3=0.471 r4=0.518  │  δ1=+0.3286 δ2=+0.1856 δ3=+0.0005
         │ flips: 866(+168 rev) this check  total: 57,916 flips, 1,945 rev (3.4%)  scale=1.67
step   1900 │ loss 5.9892  r=0.471  lr=3.00e-04  ‖g‖=2.0  phase=BBBB(E)  53.6k tok/s  0.31s
         │ CE1=6.928 CE2=6.348 CE3=5.906 CE4=5.906
         │ Δ2=+0.580 Δ3=+0.442 Δ4=-0.000
         │ r1=0.492 r2=0.463 r3=0.464 r4=0.514  │  δ1=+0.3411 δ2=+0.1985 δ3=+0.0005
         │ flips: 1,571(+548 rev) this check  total: 60,472 flips, 2,877 rev (4.8%)  scale=1.65
step   2000 │ loss 6.1187  r=0.485  lr=3.00e-04  ‖g‖=2.2  phase=BBBB(E)  51.1k tok/s  0.32s
         │ CE1=6.794 CE2=6.443 CE3=5.942 CE4=5.942
         │ Δ2=+0.351 Δ3=+0.501 Δ4=-0.000
         │ r1=0.490 r2=0.462 r3=0.462 r4=0.513  │  δ1=+0.3416 δ2=+0.2136 δ3=+0.0004
         │ flips: 1,330(+227 rev) this check  total: 63,426 flips, 3,367 rev (5.3%)  scale=1.64
step   2100 │ loss 6.0034  r=0.472  lr=3.00e-04  ‖g‖=1.8  phase=BBBB(E)  55.1k tok/s  0.30s
         │ CE1=7.146 CE2=6.627 CE3=6.109 CE4=6.109
         │ Δ2=+0.518 Δ3=+0.518 Δ4=-0.000
         │ r1=0.490 r2=0.460 r3=0.460 r4=0.510  │  δ1=+0.3505 δ2=+0.2288 δ3=+0.0004
         │ flips: 1,218(+357 rev) this check  total: 65,519 flips, 3,842 rev (5.9%)  scale=1.64
step   2200 │ loss 5.9832  r=0.470  lr=3.00e-04  ‖g‖=2.6  phase=BBBB(E)  53.3k tok/s  0.31s
         │ CE1=6.847 CE2=6.418 CE3=5.887 CE4=5.887
         │ Δ2=+0.429 Δ3=+0.531 Δ4=+0.000
         │ r1=0.484 r2=0.455 r3=0.455 r4=0.505  │  δ1=+0.3544 δ2=+0.2439 δ3=+0.0004
         │ flips: 1,120(+335 rev) this check  total: 67,679 flips, 4,370 rev (6.5%)  scale=1.62
step   2300 │ loss 5.9043  r=0.461  lr=3.00e-04  ‖g‖=1.7  phase=BBBB(E)  52.1k tok/s  0.31s
         │ CE1=6.937 CE2=6.225 CE3=5.771 CE4=5.771
         │ Δ2=+0.711 Δ3=+0.455 Δ4=-0.000
         │ r1=0.483 r2=0.454 r3=0.454 r4=0.504  │  δ1=+0.3723 δ2=+0.2544 δ3=+0.0003
         │ flips: 1,027(+534 rev) this check  total: 69,573 flips, 5,322 rev (7.6%)  scale=1.62
step   2400 │ loss 5.8924  r=0.460  lr=3.00e-04  ‖g‖=1.7  phase=BBBB(B)  50.9k tok/s  0.32s
         │ CE1=6.839 CE2=6.519 CE3=5.944 CE4=5.944
         │ Δ2=+0.320 Δ3=+0.574 Δ4=+0.001
         │ r1=0.477 r2=0.449 r3=0.449 r4=0.499  │  δ1=+0.3697 δ2=+0.2704 δ3=+0.0003
         │ flips: 860(+199 rev) this check  total: 71,234 flips, 5,795 rev (8.1%)  scale=1.60
step   2500 │ loss 5.8091  r=0.451  lr=3.00e-04  ‖g‖=2.2  phase=BBBB(B)  49.3k tok/s  0.33s
         │ CE1=6.928 CE2=6.552 CE3=5.990 CE4=5.991
         │ Δ2=+0.375 Δ3=+0.562 Δ4=-0.000
         │ r1=0.474 r2=0.445 r3=0.445 r4=0.496  │  δ1=+0.3700 δ2=+0.2850 δ3=+0.0003
         │ flips: 1,017(+146 rev) this check  total: 73,057 flips, 6,077 rev (8.3%)  scale=1.59

  ── EVAL step 2500 ──
     loss=5.9729  r=0.469  ppl=392.7  ★ best
     CE1=7.004 CE2=6.542 CE3=5.973 CE4=5.973
     Δ2=+0.462 Δ3=+0.569 Δ4=+0.000

step   2600 │ loss 6.0433  r=0.477  lr=3.00e-04  ‖g‖=2.0  phase=BBBB(B)  50.6k tok/s  0.32s
         │ CE1=7.293 CE2=6.882 CE3=6.364 CE4=6.364
         │ Δ2=+0.411 Δ3=+0.519 Δ4=-0.000
         │ r1=0.475 r2=0.444 r3=0.444 r4=0.494  │  δ1=+0.3720 δ2=+0.2967 δ3=+0.0003
         │ flips: 1,654(+125 rev) this check  total: 75,632 flips, 6,325 rev (8.4%)  scale=1.59
step   2700 │ loss 5.9685  r=0.468  lr=3.00e-04  ‖g‖=2.3  phase=BBBB(B)  50.3k tok/s  0.33s
         │ CE1=7.015 CE2=6.676 CE3=6.111 CE4=6.111
         │ Δ2=+0.338 Δ3=+0.566 Δ4=-0.001
         │ r1=0.472 r2=0.442 r3=0.442 r4=0.493  │  δ1=+0.3703 δ2=+0.3101 δ3=+0.0002
         │ flips: 1,146(+237 rev) this check  total: 78,065 flips, 6,711 rev (8.6%)  scale=1.58
step   2800 │ loss 5.8414  r=0.454  lr=3.00e-04  ‖g‖=2.3  phase=BBBB(B)  54.2k tok/s  0.30s
         │ CE1=6.897 CE2=6.554 CE3=5.952 CE4=5.952
         │ Δ2=+0.343 Δ3=+0.601 Δ4=+0.000
         │ r1=0.468 r2=0.439 r3=0.439 r4=0.489  │  δ1=+0.3690 δ2=+0.3247 δ3=+0.0002
         │ flips: 1,873(+227 rev) this check  total: 81,023 flips, 7,177 rev (8.9%)  scale=1.57
step   2900 │ loss 5.8747  r=0.458  lr=3.00e-04  ‖g‖=2.5  phase=BBBB(B)  50.3k tok/s  0.33s
         │ CE1=7.068 CE2=6.589 CE3=5.956 CE4=5.957
         │ Δ2=+0.479 Δ3=+0.632 Δ4=-0.001
         │ r1=0.467 r2=0.438 r3=0.438 r4=0.488  │  δ1=+0.3745 δ2=+0.3401 δ3=+0.0002
         │ flips: 1,433(+138 rev) this check  total: 83,999 flips, 7,547 rev (9.0%)  scale=1.57
step   3000 │ loss 5.9355  r=0.465  lr=3.00e-04  ‖g‖=2.3  phase=BBBB(B)  52.7k tok/s  0.31s
         │ CE1=6.691 CE2=6.302 CE3=5.732 CE4=5.731
         │ Δ2=+0.389 Δ3=+0.570 Δ4=+0.000
         │ r1=0.461 r2=0.434 r3=0.434 r4=0.484  │  δ1=+0.3752 δ2=+0.3516 δ3=+0.0002
         │ flips: 776(+89 rev) this check  total: 85,830 flips, 7,741 rev (9.0%)  scale=1.55
step   3100 │ loss 5.6659  r=0.435  lr=3.00e-04  ‖g‖=2.4  phase=BBBB(B)  52.2k tok/s  0.31s
         │ CE1=6.767 CE2=6.126 CE3=5.587 CE4=5.587
         │ Δ2=+0.641 Δ3=+0.539 Δ4=-0.000
         │ r1=0.462 r2=0.434 r3=0.434 r4=0.484  │  δ1=+0.3885 δ2=+0.3610 δ3=+0.0002
         │ flips: 975(+225 rev) this check  total: 87,534 flips, 8,223 rev (9.4%)  scale=1.55
step   3200 │ loss 5.8867  r=0.459  lr=3.00e-04  ‖g‖=2.4  phase=BBBB(B)  52.5k tok/s  0.31s
         │ CE1=6.770 CE2=6.424 CE3=5.807 CE4=5.807
         │ Δ2=+0.346 Δ3=+0.616 Δ4=+0.000
         │ r1=0.460 r2=0.432 r3=0.432 r4=0.482  │  δ1=+0.3863 δ2=+0.3737 δ3=+0.0002
         │ flips: 1,083(+294 rev) this check  total: 89,672 flips, 8,815 rev (9.8%)  scale=1.54
step   3300 │ loss 5.6793  r=0.437  lr=3.00e-04  ‖g‖=2.6  phase=BBBB(B)  51.4k tok/s  0.32s
         │ CE1=6.765 CE2=6.563 CE3=5.883 CE4=5.883
         │ Δ2=+0.202 Δ3=+0.680 Δ4=-0.000
         │ r1=0.457 r2=0.429 r3=0.429 r4=0.479  │  δ1=+0.3771 δ2=+0.3891 δ3=+0.0001
         │ flips: 813(+285 rev) this check  total: 91,346 flips, 9,505 rev (10.4%)  scale=1.53
step   3400 │ loss 5.8268  r=0.453  lr=3.00e-04  ‖g‖=2.8  phase=BBBB(B)  51.5k tok/s  0.32s
         │ CE1=6.894 CE2=6.454 CE3=5.813 CE4=5.813
         │ Δ2=+0.440 Δ3=+0.641 Δ4=-0.000
         │ r1=0.456 r2=0.428 r3=0.428 r4=0.478  │  δ1=+0.3803 δ2=+0.4016 δ3=+0.0001
         │ flips: 762(+256 rev) this check  total: 92,928 flips, 9,994 rev (10.8%)  scale=1.53
step   3500 │ loss 5.8516  r=0.456  lr=3.00e-04  ‖g‖=2.4  phase=BBBB(B)  51.9k tok/s  0.32s
         │ CE1=6.892 CE2=6.757 CE3=6.068 CE4=6.068
         │ Δ2=+0.135 Δ3=+0.689 Δ4=-0.000
         │ r1=0.456 r2=0.428 r3=0.428 r4=0.478  │  δ1=+0.3680 δ2=+0.4160 δ3=+0.0001
         │ flips: 778(+374 rev) this check  total: 94,669 flips, 10,661 rev (11.3%)  scale=1.53
step   3600 │ loss 5.7819  r=0.448  lr=3.00e-04  ‖g‖=2.4  phase=BBBB(B)  50.9k tok/s  0.32s
         │ CE1=6.813 CE2=6.560 CE3=5.874 CE4=5.874
         │ Δ2=+0.254 Δ3=+0.685 Δ4=+0.000
         │ r1=0.457 r2=0.428 r3=0.428 r4=0.479  │  δ1=+0.3623 δ2=+0.4295 δ3=+0.0001
         │ flips: 1,083(+465 rev) this check  total: 96,505 flips, 11,419 rev (11.8%)  scale=1.53
step   3700 │ loss 5.7963  r=0.449  lr=3.00e-04  ‖g‖=2.3  phase=BBBB(B)  52.5k tok/s  0.31s
         │ CE1=6.655 CE2=6.399 CE3=5.693 CE4=5.693
         │ Δ2=+0.255 Δ3=+0.707 Δ4=-0.000
         │ r1=0.452 r2=0.424 r3=0.424 r4=0.474  │  δ1=+0.3570 δ2=+0.4433 δ3=+0.0001
         │ flips: 944(+293 rev) this check  total: 98,444 flips, 12,072 rev (12.3%)  scale=1.52
step   3800 │ loss 5.7290  r=0.442  lr=3.00e-04  ‖g‖=3.0  phase=BBBB(B)  54.8k tok/s  0.30s
         │ CE1=6.723 CE2=6.430 CE3=5.713 CE4=5.713
         │ Δ2=+0.293 Δ3=+0.717 Δ4=+0.001
         │ r1=0.451 r2=0.424 r3=0.424 r4=0.474  │  δ1=+0.3537 δ2=+0.4570 δ3=+0.0002
         │ flips: 709(+213 rev) this check  total: 100,174 flips, 12,685 rev (12.7%)  scale=1.52
step   3900 │ loss 5.6730  r=0.436  lr=3.00e-04  ‖g‖=3.0  phase=BBBB(B)  53.2k tok/s  0.31s
         │ CE1=6.531 CE2=6.202 CE3=5.536 CE4=5.536
         │ Δ2=+0.329 Δ3=+0.665 Δ4=+0.000
         │ r1=0.449 r2=0.422 r3=0.422 r4=0.473  │  δ1=+0.3525 δ2=+0.4674 δ3=+0.0002
         │ flips: 1,040(+570 rev) this check  total: 101,897 flips, 13,581 rev (13.3%)  scale=1.51
step   4000 │ loss 5.6487  r=0.433  lr=3.00e-04  ‖g‖=2.8  phase=BBBB(B)  54.2k tok/s  0.30s
         │ CE1=6.662 CE2=6.164 CE3=5.529 CE4=5.529
         │ Δ2=+0.498 Δ3=+0.635 Δ4=+0.000
         │ r1=0.445 r2=0.418 r3=0.418 r4=0.468  │  δ1=+0.3598 δ2=+0.4758 δ3=+0.0002
         │ flips: 802(+385 rev) this check  total: 103,745 flips, 14,471 rev (13.9%)  scale=1.50
step   4100 │ loss 5.6354  r=0.432  lr=3.00e-04  ‖g‖=2.5  phase=BBBB(B)  51.9k tok/s  0.32s
         │ CE1=6.543 CE2=6.210 CE3=5.476 CE4=5.476
         │ Δ2=+0.333 Δ3=+0.734 Δ4=+0.000
         │ r1=0.446 r2=0.419 r3=0.419 r4=0.469  │  δ1=+0.3584 δ2=+0.4887 δ3=+0.0002
         │ flips: 705(+295 rev) this check  total: 104,980 flips, 14,927 rev (14.2%)  scale=1.50
step   4200 │ loss 5.6160  r=0.430  lr=3.00e-04  ‖g‖=3.0  phase=BBBB(B)  51.9k tok/s  0.32s
         │ CE1=6.492 CE2=6.064 CE3=5.384 CE4=5.384
         │ Δ2=+0.428 Δ3=+0.680 Δ4=-0.000
         │ r1=0.446 r2=0.420 r3=0.420 r4=0.470  │  δ1=+0.3619 δ2=+0.4983 δ3=+0.0001
         │ flips: 1,354(+603 rev) this check  total: 107,358 flips, 16,082 rev (15.0%)  scale=1.50
step   4300 │ loss 5.6011  r=0.428  lr=3.00e-04  ‖g‖=2.9  phase=BBBB(B)  51.5k tok/s  0.32s
         │ CE1=6.750 CE2=6.486 CE3=5.757 CE4=5.757
         │ Δ2=+0.264 Δ3=+0.729 Δ4=+0.000
         │ r1=0.440 r2=0.413 r3=0.413 r4=0.463  │  δ1=+0.3570 δ2=+0.5098 δ3=+0.0001
         │ flips: 739(+268 rev) this check  total: 109,221 flips, 16,580 rev (15.2%)  scale=1.48
step   4400 │ loss 5.6557  r=0.434  lr=3.00e-04  ‖g‖=2.7  phase=BBBB(B)  50.4k tok/s  0.33s
         │ CE1=6.800 CE2=6.671 CE3=5.843 CE4=5.843
         │ Δ2=+0.129 Δ3=+0.828 Δ4=+0.000
         │ r1=0.444 r2=0.416 r3=0.416 r4=0.466  │  δ1=+0.3456 δ2=+0.5257 δ3=+0.0002
         │ flips: 1,324(+227 rev) this check  total: 111,423 flips, 17,199 rev (15.4%)  scale=1.49
step   4500 │ loss 5.6491  r=0.433  lr=3.00e-04  ‖g‖=3.4  phase=BBBB(B)  52.3k tok/s  0.31s
         │ CE1=6.689 CE2=6.224 CE3=5.522 CE4=5.523
         │ Δ2=+0.465 Δ3=+0.701 Δ4=-0.000
         │ r1=0.441 r2=0.414 r3=0.414 r4=0.464  │  δ1=+0.3516 δ2=+0.5345 δ3=+0.0001
         │ flips: 1,458(+301 rev) this check  total: 114,321 flips, 17,649 rev (15.4%)  scale=1.48
step   4600 │ loss 5.7353  r=0.443  lr=3.00e-04  ‖g‖=2.8  phase=BBBB(B)  52.2k tok/s  0.31s
         │ CE1=6.746 CE2=6.285 CE3=5.546 CE4=5.547
         │ Δ2=+0.460 Δ3=+0.739 Δ4=-0.001
         │ r1=0.437 r2=0.409 r3=0.409 r4=0.460  │  δ1=+0.3570 δ2=+0.5448 δ3=+0.0001
         │ flips: 1,094(+408 rev) this check  total: 116,447 flips, 18,569 rev (15.9%)  scale=1.47
step   4700 │ loss 5.6811  r=0.437  lr=3.00e-04  ‖g‖=2.7  phase=BBBB(B)  51.8k tok/s  0.32s
         │ CE1=6.758 CE2=6.481 CE3=5.733 CE4=5.732
         │ Δ2=+0.277 Δ3=+0.748 Δ4=+0.001
         │ r1=0.436 r2=0.408 r3=0.408 r4=0.458  │  δ1=+0.3530 δ2=+0.5549 δ3=+0.0001
         │ flips: 1,012(+552 rev) this check  total: 118,246 flips, 19,566 rev (16.5%)  scale=1.47
step   4800 │ loss 5.5064  r=0.418  lr=3.00e-04  ‖g‖=3.8  phase=BBBB(B)  50.4k tok/s  0.33s
         │ CE1=6.643 CE2=6.405 CE3=5.634 CE4=5.634
         │ Δ2=+0.237 Δ3=+0.771 Δ4=+0.000
         │ r1=0.435 r2=0.407 r3=0.407 r4=0.458  │  δ1=+0.3472 δ2=+0.5657 δ3=+0.0001
         │ flips: 910(+236 rev) this check  total: 120,137 flips, 20,157 rev (16.8%)  scale=1.46
step   4900 │ loss 5.5768  r=0.425  lr=3.00e-04  ‖g‖=2.7  phase=BBBB(B)  50.9k tok/s  0.32s
         │ CE1=6.839 CE2=6.517 CE3=5.826 CE4=5.826
         │ Δ2=+0.322 Δ3=+0.691 Δ4=+0.001
         │ r1=0.436 r2=0.408 r3=0.408 r4=0.458  │  δ1=+0.3460 δ2=+0.5720 δ3=+0.0002
         │ flips: 699(+302 rev) this check  total: 121,563 flips, 20,689 rev (17.0%)  scale=1.47
step   5000 │ loss 5.6794  r=0.437  lr=3.00e-04  ‖g‖=2.3  phase=BBBB(B)  51.8k tok/s  0.32s
         │ CE1=6.815 CE2=6.418 CE3=5.687 CE4=5.687
         │ Δ2=+0.396 Δ3=+0.731 Δ4=+0.000
         │ r1=0.433 r2=0.405 r3=0.405 r4=0.455  │  δ1=+0.3485 δ2=+0.5799 δ3=+0.0002
         │ flips: 835(+371 rev) this check  total: 123,419 flips, 21,570 rev (17.5%)  scale=1.46

  ── EVAL step 5000 ──
     loss=5.7383  r=0.443  ppl=310.5  ★ best
     CE1=6.844 CE2=6.456 CE3=5.739 CE4=5.738
     Δ2=+0.388 Δ3=+0.717 Δ4=+0.000

step   5100 │ loss 5.3893  r=0.405  lr=2.99e-04  ‖g‖=3.1  phase=BBBB(B)  51.4k tok/s  0.32s
         │ CE1=6.326 CE2=5.924 CE3=5.182 CE4=5.181
         │ Δ2=+0.402 Δ3=+0.743 Δ4=+0.001
         │ r1=0.428 r2=0.402 r3=0.402 r4=0.452  │  δ1=+0.3511 δ2=+0.5881 δ3=+0.0002
         │ flips: 613(+288 rev) this check  total: 124,846 flips, 22,336 rev (17.9%)  scale=1.44
step   5200 │ loss 5.5003  r=0.417  lr=2.99e-04  ‖g‖=3.6  phase=BBBB(B)  50.7k tok/s  0.32s
         │ CE1=6.580 CE2=6.256 CE3=5.453 CE4=5.454
         │ Δ2=+0.323 Δ3=+0.803 Δ4=-0.000
         │ r1=0.429 r2=0.402 r3=0.402 r4=0.452  │  δ1=+0.3498 δ2=+0.5988 δ3=+0.0002
         │ flips: 728(+330 rev) this check  total: 126,411 flips, 23,009 rev (18.2%)  scale=1.44
step   5300 │ loss 5.5797  r=0.426  lr=2.99e-04  ‖g‖=3.0  phase=BBBB(B)  51.3k tok/s  0.32s
         │ CE1=6.483 CE2=6.024 CE3=5.297 CE4=5.298
         │ Δ2=+0.459 Δ3=+0.727 Δ4=-0.000
         │ r1=0.428 r2=0.402 r3=0.402 r4=0.452  │  δ1=+0.3552 δ2=+0.6052 δ3=+0.0002
         │ flips: 835(+302 rev) this check  total: 128,421 flips, 23,768 rev (18.5%)  scale=1.44
step   5400 │ loss 5.5066  r=0.418  lr=2.99e-04  ‖g‖=2.7  phase=BBBB(B)  52.6k tok/s  0.31s
         │ CE1=6.807 CE2=6.342 CE3=5.540 CE4=5.539
         │ Δ2=+0.465 Δ3=+0.802 Δ4=+0.000
         │ r1=0.427 r2=0.399 r3=0.399 r4=0.449  │  δ1=+0.3607 δ2=+0.6151 δ3=+0.0002
         │ flips: 831(+509 rev) this check  total: 130,144 flips, 24,732 rev (19.0%)  scale=1.44
step   5500 │ loss 5.5362  r=0.421  lr=2.99e-04  ‖g‖=3.5  phase=BBBB(B)  53.8k tok/s  0.30s
         │ CE1=6.467 CE2=6.153 CE3=5.314 CE4=5.314
         │ Δ2=+0.314 Δ3=+0.838 Δ4=+0.000
         │ r1=0.425 r2=0.399 r3=0.399 r4=0.449  │  δ1=+0.3584 δ2=+0.6262 δ3=+0.0002
         │ flips: 851(+391 rev) this check  total: 131,979 flips, 25,648 rev (19.4%)  scale=1.43
step   5600 │ loss 5.5124  r=0.418  lr=2.99e-04  ‖g‖=3.3  phase=BBBB(B)  50.1k tok/s  0.33s
         │ CE1=6.673 CE2=6.303 CE3=5.531 CE4=5.530
         │ Δ2=+0.370 Δ3=+0.772 Δ4=+0.001
         │ r1=0.426 r2=0.398 r3=0.398 r4=0.449  │  δ1=+0.3590 δ2=+0.6335 δ3=+0.0002
         │ flips: 872(+418 rev) this check  total: 133,706 flips, 26,449 rev (19.8%)  scale=1.43
step   5700 │ loss 5.4799  r=0.415  lr=2.99e-04  ‖g‖=2.9  phase=BBBB(B)  49.8k tok/s  0.33s
         │ CE1=6.642 CE2=6.325 CE3=5.445 CE4=5.443
         │ Δ2=+0.317 Δ3=+0.880 Δ4=+0.002
         │ r1=0.425 r2=0.398 r3=0.398 r4=0.448  │  δ1=+0.3569 δ2=+0.6458 δ3=+0.0003
         │ flips: 613(+294 rev) this check  total: 135,175 flips, 27,049 rev (20.0%)  scale=1.43
step   5800 │ loss 5.4650  r=0.413  lr=2.99e-04  ‖g‖=3.9  phase=BBBB(B)  50.2k tok/s  0.33s
         │ CE1=6.530 CE2=6.112 CE3=5.285 CE4=5.285
         │ Δ2=+0.418 Δ3=+0.827 Δ4=-0.000
         │ r1=0.422 r2=0.395 r3=0.395 r4=0.445  │  δ1=+0.3599 δ2=+0.6549 δ3=+0.0003
         │ flips: 871(+368 rev) this check  total: 136,569 flips, 27,666 rev (20.3%)  scale=1.42
step   5900 │ loss 5.5432  r=0.422  lr=2.99e-04  ‖g‖=3.3  phase=BBBB(B)  52.5k tok/s  0.31s
         │ CE1=6.607 CE2=6.366 CE3=5.442 CE4=5.443
         │ Δ2=+0.241 Δ3=+0.924 Δ4=-0.001
         │ r1=0.424 r2=0.397 r3=0.397 r4=0.447  │  δ1=+0.3540 δ2=+0.6684 δ3=+0.0002
         │ flips: 976(+460 rev) this check  total: 138,488 flips, 28,608 rev (20.7%)  scale=1.43
step   6000 │ loss 5.3982  r=0.406  lr=2.99e-04  ‖g‖=4.6  phase=BBBB(B)  52.2k tok/s  0.31s
         │ CE1=6.614 CE2=6.185 CE3=5.421 CE4=5.421
         │ Δ2=+0.430 Δ3=+0.763 Δ4=+0.000
         │ r1=0.424 r2=0.397 r3=0.397 r4=0.447  │  δ1=+0.3578 δ2=+0.6731 δ3=+0.0002
         │ flips: 660(+291 rev) this check  total: 140,091 flips, 29,253 rev (20.9%)  scale=1.43
step   6100 │ loss 5.4410  r=0.411  lr=2.99e-04  ‖g‖=3.3  phase=BBBB(B)  51.0k tok/s  0.32s
         │ CE1=6.851 CE2=6.546 CE3=5.726 CE4=5.725
         │ Δ2=+0.305 Δ3=+0.821 Δ4=+0.001
         │ r1=0.420 r2=0.392 r3=0.392 r4=0.442  │  δ1=+0.3551 δ2=+0.6805 δ3=+0.0003
         │ flips: 656(+318 rev) this check  total: 141,464 flips, 29,941 rev (21.2%)  scale=1.42
step   6200 │ loss 5.4102  r=0.407  lr=2.99e-04  ‖g‖=3.0  phase=BBBB(B)  51.5k tok/s  0.32s
         │ CE1=6.775 CE2=6.493 CE3=5.653 CE4=5.653
         │ Δ2=+0.282 Δ3=+0.840 Δ4=+0.000
         │ r1=0.418 r2=0.390 r3=0.390 r4=0.440  │  δ1=+0.3514 δ2=+0.6885 δ3=+0.0003
