
============================================================
  VSM-LM v6 — Ternary on Metal (MLX)
============================================================

  Framework: MLX + custom Metal ternary matmul kernel
  Architecture: VSM-LM-v6 (ternary StrideStack + α=1.18)
  Passes: 5 (L0↑, L1↑, L2, L1↓, L0↓)
  Strides: (1, 8, 16, 32, 64, 128, 256, 512, 1024)
  Ternary: all projections (Metal add/sub kernel)
  Continuous: embeddings, gamma, norms, gates (AdamW)
  Flip policy: consensus=50, cap=0.0010%, every 25 steps, probe every 100
  Flip mechanism: strongest consensus first, capped to prevent mass mutation
  φ-lambda: 0.0 (Phase 1: observe only)
  Embed norm: RMSNorm (constrains embedding scale)
  Seq len: 4096, Batch: 2 × 4 accum
  Steps: 30518, Tokens: 1,000,013,824
  Data: SHUFFLED

============================================================
  BUILDING MODEL
============================================================

VSM-LM v6 — Ternary on Metal (MLX)
  d_model=512, d_register=ℂ^128, seq_len=4096
  Passes: 5 (L0↑, L1↑, L2, L1↓, L0↓)
  Phases: prep(TernaryFFN) → converge(StrideStack) → consolidate(TernaryFFN)
  Strides: s1 → s8 → s16 → s32 → s64 → s128 → s256 → s512 → s1024 (W=8, α=1.18)
  Parameters: 63.2M total
    Ternary: 35.3M (Metal add/sub kernel)
    Continuous: 27.9M (Adam optimizer)
    Effective bits: 8.19
    Inference: 61 MB, Training: 594 MB

  Stratum tokens: math=1475 tech=103 comp=38
  TernaryLinear modules: 171
  Ternary weights: 35,258,368
  Initial avg sparsity: 0.310

============================================================
  TRAINING
============================================================

  step    25/30518  loss=14.5785  r=1.411  r̄=1.112  xppl=395743.9  lr=3.00e-05  ‖g‖=2.68  flips=0  phase=e  tokens=1M (0%)  tok/s=5569  elapsed=147s
  step    50/30518  loss=9.4628  r=0.851  r̄=1.104  xppl=2375.2  lr=6.00e-05  ‖g‖=2.04  flips=0  phase=e  tokens=2M (0%)  tok/s=5577  elapsed=294s
  step    75/30518  loss=7.9966  r=0.690  r̄=1.023  xppl=548.2  lr=9.00e-05  ‖g‖=0.73  flips=0  phase=e  tokens=2M (0%)  tok/s=5491  elapsed=448s
  step   100/30518  loss=8.1167  r=0.703  r̄=0.947  xppl=618.1  lr=1.20e-04  ‖g‖=0.74  flips=0  phase=e  tokens=3M (0%)  tok/s=5516  elapsed=594s
  step   125/30518  loss=7.7964  r=0.668  r̄=0.886  xppl=448.7  lr=1.50e-04  ‖g‖=0.39  flips=0  phase=e  tokens=4M (0%)  tok/s=5466  elapsed=749s
  step   150/30518  loss=7.7673  r=0.665  r̄=0.838  xppl=435.8  lr=1.80e-04  ‖g‖=0.39  flips=0  phase=e  tokens=5M (0%)  tok/s=5483  elapsed=896s
  step   175/30518  loss=7.5583  r=0.642  r̄=0.799  xppl=353.7  lr=2.10e-04  ‖g‖=0.49  flips=0  phase=e  tokens=6M (1%)  tok/s=5489  elapsed=1045s
  step   200/30518  loss=7.8769  r=0.677  r̄=0.769  xppl=486.3  lr=2.40e-04  ‖g‖=0.57  flips=0  phase=e  tokens=7M (1%)  tok/s=5500  elapsed=1192s
  step   225/30518  loss=7.5500  r=0.641  r̄=0.742  xppl=350.7  lr=2.70e-04  ‖g‖=0.56  flips=0  phase=e  tokens=7M (1%)  tok/s=5469  elapsed=1348s
  step   250/30518  loss=7.1917  r=0.602  r̄=0.717  xppl=245.1  lr=3.00e-04  ‖g‖=0.30  flips=0  phase=e  tokens=8M (1%)  tok/s=5419  elapsed=1512s
  step   275/30518  loss=7.2120  r=0.604  r̄=0.693  xppl=250.1  lr=3.30e-04  ‖g‖=0.37  flips=0  phase=e  tokens=9M (1%)  tok/s=5376  elapsed=1676s
  step   300/30518  loss=6.8401  r=0.564  r̄=0.670  xppl=172.4  lr=3.60e-04  ‖g‖=0.34  flips=0  phase=e  tokens=10M (1%)  tok/s=5333  elapsed=1843s
  step   325/30518  loss=6.8929  r=0.570  r̄=0.649  xppl=181.8  lr=3.90e-04  ‖g‖=0.46  flips=0  phase=e  tokens=11M (1%)  tok/s=5316  elapsed=2003s
  step   350/30518  loss=6.7304  r=0.552  r̄=0.629  xppl=154.5  lr=4.20e-04  ‖g‖=0.40  flips=0  phase=e  tokens=11M (1%)  tok/s=5290  elapsed=2168s
  step   375/30518  loss=6.8073  r=0.560  r̄=0.614  xppl=166.9  lr=4.50e-04  ‖g‖=0.31  flips=0  phase=e  tokens=12M (1%)  tok/s=5286  elapsed=2325s
  step   400/30518  loss=6.6624  r=0.544  r̄=0.599  xppl=144.4  lr=4.80e-04  ‖g‖=0.44  flips=0  phase=e  tokens=13M (1%)  tok/s=5271  elapsed=2486s
  step   425/30518  loss=6.6196  r=0.540  r̄=0.588  xppl=138.3  lr=5.10e-04  ‖g‖=0.77  flips=0  phase=e  tokens=14M (1%)  tok/s=5272  elapsed=2642s
  step   450/30518  loss=6.8512  r=0.565  r̄=0.576  xppl=174.4  lr=5.40e-04  ‖g‖=0.96  flips=0  phase=e  tokens=15M (1%)  tok/s=5260  elapsed=2803s
  step   475/30518  loss=6.5427  r=0.531  r̄=0.568  xppl=128.1  lr=5.70e-04  ‖g‖=0.81  flips=0  phase=e  tokens=16M (2%)  tok/s=5262  elapsed=2958s
  ── flip probe @ step 500: 0 flips (0.000%) since last probe  total=0  φ-dev=1.5522  r_ema=0.560  phase=explore  consensus=50  eff_pct=0.000038 ──
  ── group factors: consolidate=0.70 meta=0.30 mod_projs=1.00 prep=0.70 s3=0.50 s4=0.50 stride_stack=0.70 ──
  step   500/30518  loss=6.5200  r=0.529  r̄=0.560  xppl=125.2  lr=6.00e-04  ‖g‖=0.55  flips=0  phase=e  tokens=16M (2%)  tok/s=5254  elapsed=3119s
  ── eval @ step 500: loss=6.8278  r=0.562  xppl=170.3  ppl=923.1 ──
  ── φ-compression: L0_asc=-0.384 L1_asc=7.550 L2_apex=1.784 L1_desc=1.315 L0_desc=1.231  mean=2.299  φ-dev=2.082  (1/φ=0.618) ──
  ── gates (prep/conv/cons): L0_asc=[0.51 0.92 0.48] L1_asc=[0.52 0.96 0.58] L2_apex=[0.57 0.94 0.67] L1_desc=[0.66 0.93 0.71] L0_desc=[0.70 0.93 0.76] ──
  ── stratum loss: prose=7.482(r=0.634) compositional=7.855(r=0.675) technical=7.550(r=0.641) math=7.438(r=0.629)  spread=0.417 ──
  ── checkpoint 500 (16M tokens) ──
     compile gate: 0/4
     total flips: 0 (0.0% cumulative)  consensus=50
     relational: r_ema=0.560  phase=explore  r_scale=1.89
     prep           : sparsity=0.310  gamma=0.0451  (2 modules)
     stride_stack   : sparsity=0.310  gamma=0.0423  (36 modules)
     consolidate    : sparsity=0.310  gamma=0.0438  (2 modules)
     s4             : sparsity=0.310  gamma=0.0404  (4 modules)
     s3             : sparsity=0.310  gamma=0.0492  (120 modules)
     mod_projs      : sparsity=0.309  gamma=-0.0005  (3 modules)
     meta           : sparsity=0.309  gamma=0.0477  (4 modules)
     φ-compression: L0_asc=-0.377 L1_asc=8.109 L2_apex=1.837 L1_desc=1.317 L0_desc=1.229  mean=2.423  φ-dev=2.203
     gates: L0_asc=[0.50 0.90 0.48] L1_asc=[0.51 0.93 0.57] L2_apex=[0.56 0.94 0.67] L1_desc=[0.62 0.92 0.70] L0_desc=[0.67 0.89 0.75]
     stratum loss: prose=7.521 compositional=7.838 technical=7.510 math=7.463
     saved: checkpoints/vsm-lm-v6/step_000500
  step   525/30518  loss=6.3995  r=0.516  r̄=0.552  xppl=111.0  lr=6.00e-04  ‖g‖=0.74  flips=328  phase=e  tokens=17M (2%)  tok/s=5234  elapsed=3287s
  step   550/30518  loss=6.3991  r=0.515  r̄=0.545  xppl=111.0  lr=6.00e-04  ‖g‖=0.35  flips=991  phase=e  tokens=18M (2%)  tok/s=5226  elapsed=3449s
  step   575/30518  loss=6.5135  r=0.528  r̄=0.539  xppl=124.4  lr=6.00e-04  ‖g‖=0.44  flips=1,256  phase=e  tokens=19M (2%)  tok/s=5221  elapsed=3609s
  ── flip probe @ step 600: 1,583 flips (0.004%) since last probe  total=1,583  φ-dev=1.5267  r_ema=0.532  phase=explore  consensus=50  eff_pct=0.000036 ──
  ── group factors: consolidate=0.70 meta=0.30 mod_projs=1.00 prep=0.70 s3=0.50 s4=0.50 stride_stack=0.70 ──
  ── group flips: consolidate=22 meta=5 mod_projs=5 prep=11 s3=28 stride_stack=256 ──
  step   600/30518  loss=6.3466  r=0.510  r̄=0.532  xppl=105.3  lr=6.00e-04  ‖g‖=0.55  flips=1,583  phase=e  tokens=20M (2%)  tok/s=5219  elapsed=3767s
  step   625/30518  loss=6.4536  r=0.521  r̄=0.527  xppl=117.2  lr=6.00e-04  ‖g‖=0.38  flips=2,073  phase=e  tokens=20M (2%)  tok/s=5211  elapsed=3930s
  step   650/30518  loss=6.2746  r=0.502  r̄=0.524  xppl=98.0  lr=6.00e-04  ‖g‖=0.37  flips=2,614  phase=e  tokens=21M (2%)  tok/s=5211  elapsed=4088s
  step   675/30518  loss=6.2375  r=0.498  r̄=0.520  xppl=94.4  lr=6.00e-04  ‖g‖=0.49  flips=2,899  phase=e  tokens=22M (2%)  tok/s=5207  elapsed=4248s
  ── flip probe @ step 700: 1,892 flips (0.005%) since last probe  total=3,475  φ-dev=1.4974  r_ema=0.516  phase=explore  consensus=50  eff_pct=0.000035 ──
  ── group factors: consolidate=0.70 meta=0.30 mod_projs=1.00 prep=0.70 s3=0.50 s4=0.50 stride_stack=0.70 ──
  ── group flips: consolidate=25 meta=9 mod_projs=9 prep=17 s3=291 s4=1 stride_stack=224 ──
  step   700/30518  loss=6.2364  r=0.498  r̄=0.516  xppl=94.3  lr=6.00e-04  ‖g‖=0.49  flips=3,475  phase=e  tokens=23M (2%)  tok/s=5207  elapsed=4405s
  step   725/30518  loss=6.2071  r=0.494  r̄=0.511  xppl=91.6  lr=6.00e-04  ‖g‖=0.32  flips=3,798  phase=e  tokens=24M (2%)  tok/s=5201  elapsed=4568s
  step   750/30518  loss=6.1524  r=0.488  r̄=0.508  xppl=86.7  lr=6.00e-04  ‖g‖=0.56  flips=4,064  phase=e  tokens=25M (2%)  tok/s=5202  elapsed=4724s
  step   775/30518  loss=6.1459  r=0.488  r̄=0.505  xppl=86.1  lr=6.00e-04  ‖g‖=0.32  flips=4,359  phase=e  tokens=25M (3%)  tok/s=5196  elapsed=4888s
  ── flip probe @ step 800: 1,144 flips (0.003%) since last probe  total=4,619  φ-dev=1.4911  r_ema=0.501  phase=explore  consensus=50  eff_pct=0.000034 ──
  ── group factors: consolidate=0.70 meta=0.30 mod_projs=1.00 prep=0.70 s3=0.50 s4=0.50 stride_stack=0.70 ──
  ── group flips: consolidate=9 meta=2 prep=5 s3=12 stride_stack=232 ──
  step   800/30518  loss=5.9682  r=0.468  r̄=0.501  xppl=72.1  lr=6.00e-04  ‖g‖=0.53  flips=4,619  phase=e  tokens=26M (3%)  tok/s=5197  elapsed=5044s
  step   825/30518  loss=6.3890  r=0.514  r̄=0.499  xppl=109.8  lr=6.00e-04  ‖g‖=0.54  flips=4,882  phase=e  tokens=27M (3%)  tok/s=5192  elapsed=5207s
  step   850/30518  loss=6.2417  r=0.498  r̄=0.497  xppl=94.8  lr=6.00e-04  ‖g‖=0.46  flips=5,105  phase=e  tokens=28M (3%)  tok/s=5192  elapsed=5364s
  step   875/30518  loss=6.0207  r=0.474  r̄=0.494  xppl=76.0  lr=6.00e-04  ‖g‖=0.57  flips=5,639  phase=e  tokens=29M (3%)  tok/s=5188  elapsed=5526s
  ── flip probe @ step 900: 1,275 flips (0.004%) since last probe  total=5,894  φ-dev=1.6038  r_ema=0.493  phase=explore  consensus=50  eff_pct=0.000034 ──
  ── group factors: consolidate=0.70 meta=0.30 mod_projs=1.00 prep=0.70 s3=0.50 s4=0.50 stride_stack=0.70 ──
  ── group flips: consolidate=14 meta=2 mod_projs=2 prep=3 s3=3 s4=2 stride_stack=229 ──
  step   900/30518  loss=6.3171  r=0.507  r̄=0.493  xppl=102.2  lr=6.00e-04  ‖g‖=0.44  flips=5,894  phase=e  tokens=29M (3%)  tok/s=5189  elapsed=5683s

  ══ PHASE TRANSITION → BALANCE (r_ema=0.491, φ-λ=0.01, flip_scale=1.0, consensus=fixed@50) ══

  step   925/30518  loss=5.7975  r=0.450  r̄=0.489  xppl=60.8  lr=6.00e-04  ‖g‖=0.33  flips=6,229  phase=b  tokens=30M (3%)  tok/s=5187  elapsed=5844s
  step   950/30518  loss=5.9225  r=0.463  r̄=0.487  xppl=68.9  lr=6.00e-04  ‖g‖=0.53  flips=6,495  phase=b  tokens=31M (3%)  tok/s=5186  elapsed=6003s
  step   975/30518  loss=6.3454  r=0.510  r̄=0.486  xppl=105.2  lr=6.00e-04  ‖g‖=0.52  flips=6,791  phase=b  tokens=32M (3%)  tok/s=5185  elapsed=6162s
  ── flip probe @ step 1000: 1,151 flips (0.003%) since last probe  total=7,045  φ-dev=1.4399  r_ema=0.484  phase=balance  consensus=50  eff_pct=0.000017 ──
  ── group factors: consolidate=0.70 meta=0.30 mod_projs=1.00 prep=0.70 s3=0.50 s4=0.50 stride_stack=0.70 ──
  ── group flips: consolidate=10 meta=4 mod_projs=3 prep=3 s3=132 stride_stack=102 ──
  step  1000/30518  loss=6.1223  r=0.485  r̄=0.484  xppl=84.1  lr=6.00e-04  ‖g‖=0.56  flips=7,045  phase=b  tokens=33M (3%)  tok/s=5182  elapsed=6323s
  ── eval @ step 1000: loss=6.3690  r=0.512  xppl=107.7  ppl=583.5 ──
  ── φ-compression: L0_asc=-0.235 L1_asc=8.779 L2_apex=1.848 L1_desc=1.343 L0_desc=1.247  mean=2.596  φ-dev=2.320  (1/φ=0.618) ──
  ── gates (prep/conv/cons): L0_asc=[0.46 0.93 0.46] L1_asc=[0.43 0.89 0.48] L2_apex=[0.54 0.95 0.65] L1_desc=[0.74 0.94 0.77] L0_desc=[0.86 0.94 0.85] ──
  ── stratum loss: prose=7.284(r=0.612) compositional=7.592(r=0.646) technical=7.001(r=0.581) math=6.546(r=0.532)  spread=1.046 ──
  ── stratum weights: prose=0.99 compositional=1.04 technical=0.99 math=0.98 ──
  ── checkpoint 1000 (33M tokens) ──
     compile gate: 0/4
     total flips: 7,045 (0.0% cumulative)  consensus=50
     relational: r_ema=0.484  phase=balance  r_scale=1.67
     prep           : sparsity=0.310  gamma=0.0435  (2 modules)
     stride_stack   : sparsity=0.310  gamma=0.0382  (36 modules)
     consolidate    : sparsity=0.310  gamma=0.0427  (2 modules)
     s4             : sparsity=0.310  gamma=0.0378  (4 modules)
     s3             : sparsity=0.310  gamma=0.0481  (120 modules)
     mod_projs      : sparsity=0.309  gamma=-0.0004  (3 modules)
     meta           : sparsity=0.310  gamma=0.0478  (4 modules)
     φ-compression: L0_asc=-0.210 L1_asc=9.658 L2_apex=1.828 L1_desc=1.341 L0_desc=1.248  mean=2.773  φ-dev=2.486
     gates: L0_asc=[0.47 0.94 0.46] L1_asc=[0.43 0.91 0.48] L2_apex=[0.53 0.94 0.65] L1_desc=[0.77 0.93 0.78] L0_desc=[0.86 0.95 0.84]
     stratum loss: prose=7.277 compositional=7.590 technical=6.917 math=6.516
     saved: checkpoints/vsm-lm-v6/step_001000
  step  1025/30518  loss=6.0895  r=0.482  r̄=0.484  xppl=81.4  lr=6.00e-04  ‖g‖=0.35  flips=7,302  phase=b  tokens=34M (3%)  tok/s=5176  elapsed=6489s
  step  1050/30518  loss=5.9919  r=0.471  r̄=0.482  xppl=73.8  lr=6.00e-04  ‖g‖=0.35  flips=7,562  phase=b  tokens=34M (3%)  tok/s=5175  elapsed=6649s
  step  1075/30518  loss=5.9514  r=0.466  r̄=0.480  xppl=70.9  lr=5.99e-04  ‖g‖=0.46  flips=7,848  phase=b  tokens=35M (4%)  tok/s=5177  elapsed=6804s
  ── flip probe @ step 1100: 1,071 flips (0.003%) since last probe  total=8,116  φ-dev=1.3970  r_ema=0.479  phase=balance  consensus=50  eff_pct=0.000017 ──
  ── group factors: consolidate=0.70 meta=0.30 mod_projs=1.00 prep=0.70 s3=0.50 s4=0.50 stride_stack=0.70 ──
  ── group flips: consolidate=6 meta=3 mod_projs=4 prep=1 s3=140 s4=5 stride_stack=109 ──
  step  1100/30518  loss=6.0723  r=0.480  r̄=0.479  xppl=80.0  lr=5.99e-04  ‖g‖=0.61  flips=8,116  phase=b  tokens=36M (4%)  tok/s=5175  elapsed=6966s
  step  1125/30518  loss=6.2052  r=0.494  r̄=0.479  xppl=91.4  lr=5.99e-04  ‖g‖=1.25  flips=8,426  phase=b  tokens=37M (4%)  tok/s=5177  elapsed=7121s
  step  1150/30518  loss=6.4258  r=0.518  r̄=0.484  xppl=114.0  lr=5.99e-04  ‖g‖=0.78  flips=8,751  phase=b  tokens=38M (4%)  tok/s=5174  elapsed=7283s
  step  1175/30518  loss=6.0223  r=0.474  r̄=0.484  xppl=76.1  lr=5.99e-04  ‖g‖=0.42  flips=9,045  phase=b  tokens=39M (4%)  tok/s=5176  elapsed=7439s
  ── flip probe @ step 1200: 1,228 flips (0.003%) since last probe  total=9,344  φ-dev=1.4727  r_ema=0.482  phase=balance  consensus=50  eff_pct=0.000017 ──
  ── group factors: consolidate=0.70 meta=0.30 mod_projs=1.00 prep=0.70 s3=0.50 s4=0.50 stride_stack=0.70 ──
  ── group flips: consolidate=20 meta=4 mod_projs=15 prep=18 s3=134 s4=1 stride_stack=107 ──
  step  1200/30518  loss=5.9559  r=0.467  r̄=0.482  xppl=71.2  lr=5.99e-04  ‖g‖=0.35  flips=9,344  phase=b  tokens=39M (4%)  tok/s=5174  elapsed=7600s
  step  1225/30518  loss=5.9385  r=0.465  r̄=0.482  xppl=70.0  lr=5.99e-04  ‖g‖=0.83  flips=9,542  phase=b  tokens=40M (4%)  tok/s=5176  elapsed=7756s
  step  1250/30518  loss=5.8162  r=0.452  r̄=0.481  xppl=61.9  lr=5.99e-04  ‖g‖=0.61  flips=9,881  phase=b  tokens=41M (4%)  tok/s=5174  elapsed=7916s
  step  1275/30518  loss=6.0044  r=0.472  r̄=0.478  xppl=74.8  lr=5.99e-04  ‖g‖=0.34  flips=10,165  phase=b  tokens=42M (4%)  tok/s=5176  elapsed=8071s
  ── flip probe @ step 1300: 1,058 flips (0.003%) since last probe  total=10,402  φ-dev=1.4091  r_ema=0.477  phase=balance  consensus=50  eff_pct=0.000017 ──
  ── group factors: consolidate=1.22 meta=0.30 mod_projs=1.00 prep=0.70 s3=0.50 s4=0.50 stride_stack=1.33 ──
  ── group flips: consolidate=15 meta=1 mod_projs=9 prep=7 s3=113 stride_stack=92 ──
  step  1300/30518  loss=6.0402  r=0.476  r̄=0.477  xppl=77.5  lr=5.99e-04  ‖g‖=0.40  flips=10,402  phase=b  tokens=43M (4%)  tok/s=5175  elapsed=8231s
  step  1325/30518  loss=6.0721  r=0.480  r̄=0.476  xppl=80.0  lr=5.99e-04  ‖g‖=0.44  flips=10,782  phase=b  tokens=43M (4%)  tok/s=5176  elapsed=8388s
  step  1350/30518  loss=6.0998  r=0.483  r̄=0.474  xppl=82.3  lr=5.99e-04  ‖g‖=0.31  flips=11,173  phase=b  tokens=44M (4%)  tok/s=5174  elapsed=8550s
  step  1375/30518  loss=5.9424  r=0.465  r̄=0.471  xppl=70.3  lr=5.99e-04  ‖g‖=0.29  flips=11,547  phase=b  tokens=45M (5%)  tok/s=5174  elapsed=8708s
  ── flip probe @ step 1400: 1,506 flips (0.004%) since last probe  total=11,908  φ-dev=1.3890  r_ema=0.470  phase=balance  consensus=50  eff_pct=0.000016 ──
  ── group factors: consolidate=1.32 meta=0.30 mod_projs=1.00 prep=0.70 s3=0.50 s4=0.50 stride_stack=1.48 ──
  ── group flips: consolidate=6 meta=3 prep=8 s3=139 s4=5 stride_stack=200 ──
  step  1400/30518  loss=5.9480  r=0.466  r̄=0.470  xppl=70.7  lr=5.99e-04  ‖g‖=0.78  flips=11,908  phase=b  tokens=46M (5%)  tok/s=5174  elapsed=8866s
  step  1425/30518  loss=5.9553  r=0.467  r̄=0.469  xppl=71.2  lr=5.99e-04  ‖g‖=0.30  flips=12,323  phase=b  tokens=47M (5%)  tok/s=5174  elapsed=9025s
  step  1450/30518  loss=5.8728  r=0.458  r̄=0.466  xppl=65.5  lr=5.99e-04  ‖g‖=0.39  flips=12,730  phase=b  tokens=48M (5%)  tok/s=5175  elapsed=9181s
  step  1475/30518  loss=6.0320  r=0.475  r̄=0.465  xppl=76.9  lr=5.98e-04  ‖g‖=0.28  flips=13,123  phase=b  tokens=48M (5%)  tok/s=5174  elapsed=9341s
  ── flip probe @ step 1500: 1,572 flips (0.004%) since last probe  total=13,480  φ-dev=1.3613  r_ema=0.465  phase=balance  consensus=50  eff_pct=0.000016 ──
  ── group factors: consolidate=1.22 meta=0.30 mod_projs=1.00 prep=0.70 s3=0.50 s4=0.50 stride_stack=1.33 ──
  ── group flips: consolidate=3 prep=4 s3=114 s4=4 stride_stack=232 ──
  step  1500/30518  loss=6.0008  r=0.472  r̄=0.465  xppl=74.5  lr=5.98e-04  ‖g‖=0.28  flips=13,480  phase=b  tokens=49M (5%)  tok/s=5175  elapsed=9497s
  ── eval @ step 1500: loss=6.1992  r=0.494  xppl=90.9  ppl=492.4 ──
  ── φ-compression: L0_asc=-0.194 L1_asc=9.431 L2_apex=1.870 L1_desc=1.354 L0_desc=1.251  mean=2.743  φ-dev=2.449  (1/φ=0.618) ──
  ── gates (prep/conv/cons): L0_asc=[0.49 0.99 0.68] L1_asc=[0.38 0.91 0.33] L2_apex=[0.53 0.97 0.61] L1_desc=[0.78 0.95 0.85] L0_desc=[0.88 0.95 0.88] ──
  ── stratum loss: prose=6.943(r=0.575) compositional=7.387(r=0.624) technical=6.769(r=0.556) math=7.262(r=0.610)  spread=0.618 ──
  ── stratum weights: prose=1.04 compositional=1.10 technical=0.97 math=0.90 ──
  ── checkpoint 1500 (49M tokens) ──
     compile gate: 0/4
     total flips: 13,480 (0.0% cumulative)  consensus=50
     relational: r_ema=0.465  phase=balance  r_scale=1.62
     prep           : sparsity=0.310  gamma=0.0423  (2 modules)
     stride_stack   : sparsity=0.310  gamma=0.0366  (36 modules)
     consolidate    : sparsity=0.310  gamma=0.0411  (2 modules)
     s4             : sparsity=0.310  gamma=0.0340  (4 modules)
     s3             : sparsity=0.310  gamma=0.0469  (120 modules)
     mod_projs      : sparsity=0.309  gamma=-0.0005  (3 modules)
     meta           : sparsity=0.310  gamma=0.0468  (4 modules)
     φ-compression: L0_asc=-0.236 L1_asc=6.901 L2_apex=1.887 L1_desc=1.360 L0_desc=1.251  mean=2.232  φ-dev=1.956
     gates: L0_asc=[0.49 0.99 0.69] L1_asc=[0.39 0.87 0.33] L2_apex=[0.54 0.97 0.61] L1_desc=[0.77 0.95 0.84] L0_desc=[0.87 0.95 0.89]
     stratum loss: prose=6.863 compositional=7.483 technical=6.757 math=6.734
     saved: checkpoints/vsm-lm-v6/step_001500
  step  1525/30518  loss=5.8601  r=0.456  r̄=0.463  xppl=64.7  lr=5.98e-04  ‖g‖=0.39  flips=13,835  phase=b  tokens=50M (5%)  tok/s=5166  elapsed=9672s
  step  1550/30518  loss=5.9879  r=0.470  r̄=0.462  xppl=73.5  lr=5.98e-04  ‖g‖=0.55  flips=14,220  phase=b  tokens=51M (5%)  tok/s=5168  elapsed=9829s
  step  1575/30518  loss=6.0168  r=0.474  r̄=0.461  xppl=75.7  lr=5.98e-04  ‖g‖=0.48  flips=14,582  phase=b  tokens=52M (5%)  tok/s=5163  elapsed=9996s
  ── flip probe @ step 1600: 1,432 flips (0.004%) since last probe  total=14,912  φ-dev=1.3416  r_ema=0.461  phase=balance  consensus=50  eff_pct=0.000016 ──
  ── group factors: consolidate=1.20 meta=0.30 mod_projs=1.00 prep=0.70 s3=0.50 s4=0.50 stride_stack=1.30 ──
  ── group flips: consolidate=3 meta=5 mod_projs=2 prep=1 s3=109 s4=5 stride_stack=205 ──
  step  1600/30518  loss=5.9626  r=0.468  r̄=0.461  xppl=71.7  lr=5.98e-04  ‖g‖=0.30  flips=14,912  phase=b  tokens=52M (5%)  tok/s=5165  elapsed=10151s
  step  1625/30518  loss=6.0537  r=0.478  r̄=0.460  xppl=78.5  lr=5.98e-04  ‖g‖=0.47  flips=15,238  phase=b  tokens=53M (5%)  tok/s=5164  elapsed=10312s
  step  1650/30518  loss=6.0563  r=0.478  r̄=0.461  xppl=78.8  lr=5.98e-04  ‖g‖=0.56  flips=15,623  phase=b  tokens=54M (5%)  tok/s=5165  elapsed=10468s
  step  1675/30518  loss=6.0291  r=0.475  r̄=0.460  xppl=76.6  lr=5.98e-04  ‖g‖=0.39  flips=15,969  phase=b  tokens=55M (5%)  tok/s=5163  elapsed=10631s
  ── flip probe @ step 1700: 1,415 flips (0.004%) since last probe  total=16,327  φ-dev=1.3843  r_ema=0.459  phase=balance  consensus=50  eff_pct=0.000016 ──
  ── group factors: consolidate=1.21 meta=0.30 mod_projs=1.00 prep=0.70 s3=0.50 s4=0.50 stride_stack=1.31 ──
  ── group flips: consolidate=19 meta=1 mod_projs=5 prep=9 s3=138 stride_stack=186 ──
  step  1700/30518  loss=5.6849  r=0.437  r̄=0.459  xppl=54.3  lr=5.98e-04  ‖g‖=0.39  flips=16,327  phase=b  tokens=56M (6%)  tok/s=5163  elapsed=10789s
  step  1725/30518  loss=5.8945  r=0.460  r̄=0.457  xppl=67.0  lr=5.98e-04  ‖g‖=0.28  flips=16,651  phase=b  tokens=57M (6%)  tok/s=5161  elapsed=10953s
  step  1750/30518  loss=5.8405  r=0.454  r̄=0.456  xppl=63.5  lr=5.97e-04  ‖g‖=0.38  flips=16,998  phase=b  tokens=57M (6%)  tok/s=5160  elapsed=11112s
  step  1775/30518  loss=5.6755  r=0.436  r̄=0.455  xppl=53.8  lr=5.97e-04  ‖g‖=0.56  flips=17,385  phase=b  tokens=58M (6%)  tok/s=5157  elapsed=11279s
  ── flip probe @ step 1800: 1,382 flips (0.004%) since last probe  total=17,709  φ-dev=1.3550  r_ema=0.455  phase=balance  consensus=50  eff_pct=0.000016 ──
  ── group factors: consolidate=1.24 meta=0.30 mod_projs=1.00 prep=0.70 s3=0.50 s4=0.50 stride_stack=1.36 ──
  ── group flips: consolidate=16 mod_projs=9 prep=8 s3=112 stride_stack=179 ──
  step  1800/30518  loss=5.9433  r=0.466  r̄=0.455  xppl=70.3  lr=5.97e-04  ‖g‖=0.36  flips=17,709  phase=b  tokens=59M (6%)  tok/s=5155  elapsed=11441s
  step  1825/30518  loss=5.8373  r=0.454  r̄=0.454  xppl=63.3  lr=5.97e-04  ‖g‖=0.43  flips=18,051  phase=b  tokens=60M (6%)  tok/s=5154  elapsed=11602s
  step  1850/30518  loss=5.9313  r=0.464  r̄=0.455  xppl=69.5  lr=5.97e-04  ‖g‖=0.46  flips=18,509  phase=b  tokens=61M (6%)  tok/s=5153  elapsed=11765s
  step  1875/30518  loss=5.4662  r=0.413  r̄=0.455  xppl=43.7  lr=5.97e-04  ‖g‖=0.44  flips=18,919  phase=b  tokens=61M (6%)  tok/s=5154  elapsed=11920s
  ── flip probe @ step 1900: 1,663 flips (0.005%) since last probe  total=19,372  φ-dev=1.3660  r_ema=0.456  phase=balance  consensus=50  eff_pct=0.000016 ──
  ── group factors: consolidate=1.24 meta=0.30 mod_projs=1.00 prep=0.70 s3=0.50 s4=0.50 stride_stack=1.35 ──
  ── group flips: consolidate=41 meta=15 mod_projs=14 prep=16 s3=121 s4=28 stride_stack=218 ──
  step  1900/30518  loss=5.9754  r=0.469  r̄=0.456  xppl=72.6  lr=5.97e-04  ‖g‖=0.56  flips=19,372  phase=b  tokens=62M (6%)  tok/s=5151  elapsed=12087s
  step  1925/30518  loss=5.8317  r=0.453  r̄=0.456  xppl=62.9  lr=5.97e-04  ‖g‖=0.33  flips=19,786  phase=b  tokens=63M (6%)  tok/s=5152  elapsed=12244s
  step  1950/30518  loss=5.8375  r=0.454  r̄=0.456  xppl=63.3  lr=5.97e-04  ‖g‖=0.33  flips=20,216  phase=b  tokens=64M (6%)  tok/s=5148  elapsed=12411s
  step  1975/30518  loss=5.8947  r=0.460  r̄=0.456  xppl=67.0  lr=5.96e-04  ‖g‖=0.30  flips=20,614  phase=b  tokens=65M (6%)  tok/s=5150  elapsed=12566s
  ── flip probe @ step 2000: 1,587 flips (0.005%) since last probe  total=20,959  φ-dev=1.4788  r_ema=0.455  phase=balance  consensus=50  eff_pct=0.000016 ──
  ── group factors: consolidate=1.24 meta=0.30 mod_projs=1.00 prep=0.70 s3=0.50 s4=0.50 stride_stack=1.36 ──
  ── group flips: consolidate=8 meta=3 mod_projs=3 prep=12 s3=105 s4=2 stride_stack=212 ──
  step  2000/30518  loss=5.6531  r=0.434  r̄=0.455  xppl=52.6  lr=5.96e-04  ‖g‖=0.32  flips=20,959  phase=b  tokens=66M (7%)  tok/s=5146  elapsed=12734s
  ── eval @ step 2000: loss=6.1271  r=0.486  xppl=84.5  ppl=458.1 ──
  ── φ-compression: L0_asc=-0.097 L1_asc=43.589 L2_apex=2.081 L1_desc=1.397 L0_desc=1.273  mean=9.648  φ-dev=9.316  (1/φ=0.618) ──
  ── gates (prep/conv/cons): L0_asc=[0.40 1.00 0.89] L1_asc=[0.37 0.81 0.22] L2_apex=[0.56 0.96 0.58] L1_desc=[0.84 0.92 0.80] L0_desc=[0.86 0.94 0.90] ──
  ── stratum loss: prose=6.825(r=0.562) compositional=7.610(r=0.648) technical=6.764(r=0.555) math=6.961(r=0.577)  spread=0.846 ──
  ── stratum weights: prose=0.98 compositional=1.10 technical=0.96 math=0.96 ──
  ── checkpoint 2000 (66M tokens) ──
     compile gate: 0/4
     total flips: 20,959 (0.1% cumulative)  consensus=50
     relational: r_ema=0.455  phase=balance  r_scale=1.59
     prep           : sparsity=0.310  gamma=0.0413  (2 modules)
     stride_stack   : sparsity=0.310  gamma=0.0354  (36 modules)
     consolidate    : sparsity=0.310  gamma=0.0404  (2 modules)
     s4             : sparsity=0.310  gamma=0.0322  (4 modules)
     s3             : sparsity=0.310  gamma=0.0456  (120 modules)
     mod_projs      : sparsity=0.309  gamma=-0.0004  (3 modules)
     meta           : sparsity=0.310  gamma=0.0463  (4 modules)
     φ-compression: L0_asc=-0.127 L1_asc=9.812 L2_apex=2.107 L1_desc=1.403 L0_desc=1.266  mean=2.892  φ-dev=2.572
     gates: L0_asc=[0.39 1.00 0.90] L1_asc=[0.37 0.81 0.22] L2_apex=[0.55 0.97 0.59] L1_desc=[0.86 0.96 0.80] L0_desc=[0.85 0.93 0.89]
     stratum loss: prose=6.945 compositional=7.538 technical=6.658 math=6.361
     saved: checkpoints/vsm-lm-v6/step_002000
  step  2025/30518  loss=5.7122  r=0.440  r̄=0.454  xppl=55.8  lr=5.96e-04  ‖g‖=0.41  flips=21,351  phase=b  tokens=66M (7%)  tok/s=5144  elapsed=12900s
  step  2050/30518  loss=5.4775  r=0.415  r̄=0.452  xppl=44.1  lr=5.96e-04  ‖g‖=0.33  flips=21,704  phase=b  tokens=67M (7%)  tok/s=5142  elapsed=13064s
  step  2075/30518  loss=5.8046  r=0.450  r̄=0.452  xppl=61.2  lr=5.96e-04  ‖g‖=0.28  flips=22,081  phase=b  tokens=68M (7%)  tok/s=5143  elapsed=13221s
  ── flip probe @ step 2100: 1,459 flips (0.004%) since last probe  total=22,418  φ-dev=1.3807  r_ema=0.452  phase=balance  consensus=50  eff_pct=0.000016 ──
  ── group factors: consolidate=1.23 meta=0.30 mod_projs=1.00 prep=0.70 s3=0.50 s4=0.50 stride_stack=1.34 ──
  ── group flips: consolidate=4 meta=2 prep=2 s3=139 stride_stack=190 ──
  step  2100/30518  loss=5.8387  r=0.454  r̄=0.452  xppl=63.3  lr=5.96e-04  ‖g‖=0.28  flips=22,418  phase=b  tokens=69M (7%)  tok/s=5142  elapsed=13383s
  step  2125/30518  loss=6.1440  r=0.488  r̄=0.451  xppl=86.0  lr=5.96e-04  ‖g‖=0.37  flips=22,753  phase=b  tokens=70M (7%)  tok/s=5141  elapsed=13544s
  step  2150/30518  loss=5.5926  r=0.427  r̄=0.450  xppl=49.5  lr=5.96e-04  ‖g‖=0.36  flips=23,104  phase=b  tokens=70M (7%)  tok/s=5141  elapsed=13705s
  step  2175/30518  loss=5.9245  r=0.464  r̄=0.449  xppl=69.0  lr=5.95e-04  ‖g‖=0.49  flips=23,439  phase=b  tokens=71M (7%)  tok/s=5139  elapsed=13869s
  ── flip probe @ step 2200: 1,352 flips (0.004%) since last probe  total=23,770  φ-dev=1.4060  r_ema=0.450  phase=balance  consensus=50  eff_pct=0.000016 ──
  ── group factors: consolidate=1.27 meta=0.30 mod_projs=1.00 prep=0.70 s3=0.50 s4=0.50 stride_stack=1.40 ──
  ── group flips: consolidate=6 meta=1 mod_projs=1 prep=3 s3=122 stride_stack=198 ──
  step  2200/30518  loss=6.0584  r=0.478  r̄=0.450  xppl=78.9  lr=5.95e-04  ‖g‖=0.41  flips=23,770  phase=b  tokens=72M (7%)  tok/s=5139  elapsed=14027s
  step  2225/30518  loss=5.9147  r=0.462  r̄=0.450  xppl=68.4  lr=5.95e-04  ‖g‖=0.31  flips=24,123  phase=b  tokens=73M (7%)  tok/s=5137  elapsed=14193s
  step  2250/30518  loss=5.4065  r=0.407  r̄=0.447  xppl=41.1  lr=5.95e-04  ‖g‖=0.34  flips=24,476  phase=b  tokens=74M (7%)  tok/s=5139  elapsed=14348s
  step  2275/30518  loss=5.8167  r=0.452  r̄=0.447  xppl=62.0  lr=5.95e-04  ‖g‖=0.34  flips=24,811  phase=b  tokens=75M (7%)  tok/s=5139  elapsed=14507s
  ── flip probe @ step 2300: 1,399 flips (0.004%) since last probe  total=25,169  φ-dev=1.3225  r_ema=0.448  phase=balance  consensus=50  eff_pct=0.000016 ──
  ── group factors: consolidate=1.30 meta=0.30 mod_projs=1.00 prep=0.70 s3=0.50 s4=0.50 stride_stack=1.44 ──
  ── group flips: consolidate=12 meta=1 mod_projs=2 prep=3 s3=138 s4=2 stride_stack=200 ──
  step  2300/30518  loss=5.8217  r=0.452  r̄=0.448  xppl=62.3  lr=5.95e-04  ‖g‖=0.52  flips=25,169  phase=b  tokens=75M (8%)  tok/s=5140  elapsed=14662s
  step  2325/30518  loss=5.5854  r=0.426  r̄=0.444  xppl=49.2  lr=5.95e-04  ‖g‖=0.35  flips=25,492  phase=b  tokens=76M (8%)  tok/s=5140  elapsed=14823s
  step  2350/30518  loss=5.9377  r=0.465  r̄=0.445  xppl=69.9  lr=5.94e-04  ‖g‖=0.37  flips=25,876  phase=b  tokens=77M (8%)  tok/s=5141  elapsed=14977s
  step  2375/30518  loss=5.7121  r=0.440  r̄=0.444  xppl=55.8  lr=5.94e-04  ‖g‖=0.36  flips=26,209  phase=b  tokens=78M (8%)  tok/s=5141  elapsed=15138s
  ── flip probe @ step 2400: 1,370 flips (0.004%) since last probe  total=26,539  φ-dev=1.3934  r_ema=0.443  phase=balance  consensus=50  eff_pct=0.000016 ──
  ── group factors: consolidate=1.32 meta=0.30 mod_projs=1.00 prep=0.70 s3=0.50 s4=0.50 stride_stack=1.47 ──
  ── group flips: consolidate=4 meta=1 mod_projs=1 prep=4 s3=120 s4=4 stride_stack=196 ──
  step  2400/30518  loss=5.5085  r=0.418  r̄=0.443  xppl=45.5  lr=5.94e-04  ‖g‖=0.35  flips=26,539  phase=b  tokens=79M (8%)  tok/s=5142  elapsed=15293s
  step  2425/30518  loss=5.6455  r=0.433  r̄=0.442  xppl=52.2  lr=5.94e-04  ‖g‖=0.59  flips=26,894  phase=b  tokens=79M (8%)  tok/s=5143  elapsed=15452s
  step  2450/30518  loss=5.8337  r=0.454  r̄=0.442  xppl=63.0  lr=5.94e-04  ‖g‖=0.56  flips=27,269  phase=b  tokens=80M (8%)  tok/s=5143  elapsed=15608s
  step  2475/30518  loss=5.5658  r=0.424  r̄=0.443  xppl=48.2  lr=5.94e-04  ‖g‖=0.33  flips=27,631  phase=b  tokens=81M (8%)  tok/s=5144  elapsed=15767s
  ── flip probe @ step 2500: 1,398 flips (0.004%) since last probe  total=27,937  φ-dev=1.3620  r_ema=0.443  phase=balance  consensus=50  eff_pct=0.000016 ──
  ── group factors: consolidate=1.28 meta=0.30 mod_projs=1.00 prep=0.70 s3=0.50 s4=0.50 stride_stack=1.42 ──
  ── group flips: consolidate=4 meta=1 mod_projs=1 prep=2 s3=96 s4=2 stride_stack=200 ──
  step  2500/30518  loss=5.8722  r=0.458  r̄=0.443  xppl=65.5  lr=5.93e-04  ‖g‖=0.43  flips=27,937  phase=b  tokens=82M (8%)  tok/s=5144  elapsed=15926s
  ── eval @ step 2500: loss=5.9900  r=0.471  xppl=73.7  ppl=399.4 ──
  ── φ-compression: L0_asc=-0.142 L1_asc=8.444 L2_apex=1.988 L1_desc=1.388 L0_desc=1.265  mean=2.589  φ-dev=2.274  (1/φ=0.618) ──
  ── gates (prep/conv/cons): L0_asc=[0.49 1.00 0.86] L1_asc=[0.34 0.82 0.25] L2_apex=[0.55 0.96 0.61] L1_desc=[0.87 0.92 0.86] L0_desc=[0.91 0.97 0.91] ──
  ── stratum loss: prose=6.604(r=0.538) compositional=7.296(r=0.614) technical=6.878(r=0.568) math=6.284(r=0.503)  spread=1.011 ──
  ── stratum weights: prose=1.01 compositional=1.13 technical=0.96 math=0.90 ──
  ── checkpoint 2500 (82M tokens) ──
     compile gate: 1/4
     total flips: 27,937 (0.1% cumulative)  consensus=50
     relational: r_ema=0.443  phase=balance  r_scale=1.55
     prep           : sparsity=0.310  gamma=0.0403  (2 modules)
     stride_stack   : sparsity=0.310  gamma=0.0346  (36 modules)
     consolidate    : sparsity=0.310  gamma=0.0390  (2 modules)
     s4             : sparsity=0.310  gamma=0.0311  (4 modules)
     s3             : sparsity=0.310  gamma=0.0444  (120 modules)
     mod_projs      : sparsity=0.309  gamma=-0.0005  (3 modules)
     meta           : sparsity=0.310  gamma=0.0474  (4 modules)
     φ-compression: L0_asc=-0.166 L1_asc=7.399 L2_apex=1.992 L1_desc=1.380 L0_desc=1.264  mean=2.374  φ-dev=2.070
     gates: L0_asc=[0.48 1.00 0.87] L1_asc=[0.36 0.79 0.27] L2_apex=[0.55 0.94 0.61] L1_desc=[0.87 0.92 0.85] L0_desc=[0.90 0.96 0.92]
     stratum loss: prose=6.564 compositional=7.366 technical=6.834 math=6.227
     saved: checkpoints/vsm-lm-v6/step_002500
  step  2525/30518  loss=5.3108  r=0.396  r̄=0.443  xppl=37.4  lr=5.93e-04  ‖g‖=0.46  flips=28,324  phase=b  tokens=83M (8%)  tok/s=5141  elapsed=16093s
  step  2550/30518  loss=5.8580  r=0.456  r̄=0.442  xppl=64.6  lr=5.93e-04  ‖g‖=0.31  flips=28,671  phase=b  tokens=84M (8%)  tok/s=5141  elapsed=16253s
  step  2575/30518  loss=5.5928  r=0.427  r̄=0.441  xppl=49.5  lr=5.93e-04  ‖g‖=0.30  flips=29,025  phase=b  tokens=84M (8%)  tok/s=5143  elapsed=16407s
  ── flip probe @ step 2600: 1,427 flips (0.004%) since last probe  total=29,364  φ-dev=1.3650  r_ema=0.441  phase=balance  consensus=50  eff_pct=0.000015 ──
  ── group factors: consolidate=1.33 meta=0.30 mod_projs=1.00 prep=0.70 s3=0.50 s4=0.50 stride_stack=1.49 ──
  ── group flips: consolidate=4 meta=2 mod_projs=1 prep=1 s3=116 s4=1 stride_stack=214 ──
  step  2600/30518  loss=5.9990  r=0.472  r̄=0.441  xppl=74.4  lr=5.93e-04  ‖g‖=0.39  flips=29,364  phase=b  tokens=85M (9%)  tok/s=5142  elapsed=16567s
  step  2625/30518  loss=5.7911  r=0.449  r̄=0.440  xppl=60.4  lr=5.93e-04  ‖g‖=0.51  flips=29,724  phase=b  tokens=86M (9%)  tok/s=5144  elapsed=16721s
  step  2650/30518  loss=5.8003  r=0.450  r̄=0.441  xppl=61.0  lr=5.92e-04  ‖g‖=0.29  flips=30,051  phase=b  tokens=87M (9%)  tok/s=5144  elapsed=16880s
  step  2675/30518  loss=5.6628  r=0.435  r̄=0.440  xppl=53.1  lr=5.92e-04  ‖g‖=1.05  flips=30,416  phase=b  tokens=88M (9%)  tok/s=5146  elapsed=17034s
  ── flip probe @ step 2700: 1,468 flips (0.004%) since last probe  total=30,832  φ-dev=1.3608  r_ema=0.439  phase=balance  consensus=50  eff_pct=0.000015 ──
  ── group factors: consolidate=1.24 meta=0.30 mod_projs=1.00 prep=0.70 s3=0.50 s4=0.50 stride_stack=1.36 ──
  ── group flips: consolidate=6 meta=1 mod_projs=10 prep=4 s3=139 s4=1 stride_stack=255 ──
  step  2700/30518  loss=5.7615  r=0.446  r̄=0.439  xppl=58.6  lr=5.92e-04  ‖g‖=0.40  flips=30,832  phase=b  tokens=88M (9%)  tok/s=5146  elapsed=17194s
  step  2725/30518  loss=5.7191  r=0.441  r̄=0.440  xppl=56.2  lr=5.92e-04  ‖g‖=0.38  flips=31,171  phase=b  tokens=89M (9%)  tok/s=5147  elapsed=17348s
  step  2750/30518  loss=5.8134  r=0.451  r̄=0.439  xppl=61.8  lr=5.92e-04  ‖g‖=0.36  flips=31,482  phase=b  tokens=90M (9%)  tok/s=5147  elapsed=17507s
  step  2775/30518  loss=5.5515  r=0.423  r̄=0.439  xppl=47.5  lr=5.92e-04  ‖g‖=0.32  flips=31,855  phase=b  tokens=91M (9%)  tok/s=5149  elapsed=17660s
  ── flip probe @ step 2800: 1,358 flips (0.004%) since last probe  total=32,190  φ-dev=1.3074  r_ema=0.437  phase=balance  consensus=50  eff_pct=0.000015 ──
  ── group factors: consolidate=1.26 meta=0.30 mod_projs=1.00 prep=0.70 s3=0.50 s4=0.50 stride_stack=1.39 ──
  ── group flips: consolidate=2 meta=1 mod_projs=5 prep=2 s3=126 stride_stack=199 ──
  step  2800/30518  loss=5.7179  r=0.441  r̄=0.437  xppl=56.1  lr=5.91e-04  ‖g‖=0.32  flips=32,190  phase=b  tokens=92M (9%)  tok/s=5149  elapsed=17820s
  step  2825/30518  loss=6.2368  r=0.498  r̄=0.438  xppl=94.3  lr=5.91e-04  ‖g‖=0.34  flips=32,552  phase=b  tokens=93M (9%)  tok/s=5150  elapsed=17974s
  step  2850/30518  loss=5.4311  r=0.410  r̄=0.437  xppl=42.1  lr=5.91e-04  ‖g‖=0.32  flips=32,892  phase=b  tokens=93M (9%)  tok/s=5150  elapsed=18134s
  step  2875/30518  loss=5.7819  r=0.448  r̄=0.436  xppl=59.9  lr=5.91e-04  ‖g‖=0.35  flips=33,215  phase=b  tokens=94M (9%)  tok/s=5151  elapsed=18288s
  ── flip probe @ step 2900: 1,334 flips (0.004%) since last probe  total=33,524  φ-dev=1.3220  r_ema=0.435  phase=balance  consensus=50  eff_pct=0.000015 ──
  ── group factors: consolidate=1.27 meta=0.30 mod_projs=1.00 prep=0.70 s3=0.50 s4=0.50 stride_stack=1.40 ──
  ── group flips: consolidate=3 meta=1 prep=1 s3=114 s4=1 stride_stack=189 ──
  step  2900/30518  loss=5.6778  r=0.437  r̄=0.435  xppl=53.9  lr=5.91e-04  ‖g‖=0.37  flips=33,524  phase=b  tokens=95M (10%)  tok/s=5151  elapsed=18448s
  step  2925/30518  loss=5.8078  r=0.451  r̄=0.436  xppl=61.4  lr=5.90e-04  ‖g‖=0.38  flips=33,844  phase=b  tokens=96M (10%)  tok/s=5152  elapsed=18602s
  step  2950/30518  loss=5.4737  r=0.414  r̄=0.436  xppl=44.0  lr=5.90e-04  ‖g‖=0.33  flips=34,236  phase=b  tokens=97M (10%)  tok/s=5153  elapsed=18759s
  step  2975/30518  loss=5.8494  r=0.455  r̄=0.437  xppl=64.0  lr=5.90e-04  ‖g‖=0.65  flips=34,639  phase=b  tokens=97M (10%)  tok/s=5154  elapsed=18916s
  ── flip probe @ step 3000: 1,572 flips (0.004%) since last probe  total=35,096  φ-dev=1.5049  r_ema=0.441  phase=balance  consensus=50  eff_pct=0.000015 ──
  ── group factors: consolidate=1.24 meta=0.30 mod_projs=1.00 prep=0.70 s3=0.50 s4=0.50 stride_stack=1.35 ──
  ── group flips: consolidate=42 meta=10 mod_projs=8 prep=17 s3=118 s4=31 stride_stack=231 ──
  step  3000/30518  loss=5.7693  r=0.447  r̄=0.441  xppl=59.1  lr=5.90e-04  ‖g‖=0.47  flips=35,096  phase=b  tokens=98M (10%)  tok/s=5154  elapsed=19073s
  ── eval @ step 3000: loss=6.0528  r=0.478  xppl=78.5  ppl=425.3 ──
  ── φ-compression: L0_asc=-0.040 L1_asc=2.525 L2_apex=2.219 L1_desc=1.397 L0_desc=1.279  mean=1.476  φ-dev=1.121  (1/φ=0.618) ──
  ── gates (prep/conv/cons): L0_asc=[0.47 1.00 0.91] L1_asc=[0.24 0.77 0.18] L2_apex=[0.49 0.94 0.57] L1_desc=[0.79 0.88 0.77] L0_desc=[0.88 0.90 0.85] ──
  ── stratum loss: prose=6.688(r=0.547) compositional=7.393(r=0.624) technical=6.768(r=0.556) math=6.299(r=0.505)  spread=1.094 ──
  ── stratum weights: prose=0.96 compositional=1.12 technical=1.02 math=0.90 ──
  ── checkpoint 3000 (98M tokens) ──
     compile gate: 1/4
     total flips: 35,096 (0.1% cumulative)  consensus=50
     relational: r_ema=0.441  phase=balance  r_scale=1.55
     prep           : sparsity=0.310  gamma=0.0406  (2 modules)
     stride_stack   : sparsity=0.310  gamma=0.0340  (36 modules)
     consolidate    : sparsity=0.310  gamma=0.0402  (2 modules)
     s4             : sparsity=0.310  gamma=0.0298  (4 modules)
     s3             : sparsity=0.310  gamma=0.0432  (120 modules)
     mod_projs      : sparsity=0.309  gamma=-0.0005  (3 modules)
     meta           : sparsity=0.310  gamma=0.0474  (4 modules)
     φ-compression: L0_asc=-0.049 L1_asc=1.133 L2_apex=2.221 L1_desc=1.410 L0_desc=1.269  mean=1.197  φ-dev=0.845
     gates: L0_asc=[0.47 1.00 0.92] L1_asc=[0.24 0.76 0.16] L2_apex=[0.49 0.92 0.58] L1_desc=[0.77 0.91 0.78] L0_desc=[0.90 0.88 0.83]
     stratum loss: prose=6.688 compositional=7.299 technical=6.910 math=6.202
     saved: checkpoints/vsm-lm-v6/step_003000
  step  3025/30518  loss=5.9132  r=0.462  r̄=0.442  xppl=68.3  lr=5.90e-04  ‖g‖=0.40  flips=35,533  phase=b  tokens=99M (10%)  tok/s=5152  elapsed=19241s
  step  3050/30518  loss=5.8122  r=0.451  r̄=0.443  xppl=61.7  lr=5.89e-04  ‖g‖=0.49  flips=35,817  phase=b  tokens=100M (10%)  tok/s=5153  elapsed=19394s
  step  3075/30518  loss=5.6500  r=0.433  r̄=0.443  xppl=52.5  lr=5.89e-04  ‖g‖=0.34  flips=36,216  phase=b  tokens=101M (10%)  tok/s=5154  elapsed=19552s
  ── flip probe @ step 3100: 1,521 flips (0.004%) since last probe  total=36,617  φ-dev=1.3906  r_ema=0.441  phase=balance  consensus=50  eff_pct=0.000015 ──
  ── group factors: consolidate=1.23 meta=0.30 mod_projs=1.00 prep=0.70 s3=0.50 s4=0.50 stride_stack=1.35 ──
  ── group flips: consolidate=19 meta=2 mod_projs=9 prep=20 s3=127 s4=2 stride_stack=222 ──
  step  3100/30518  loss=5.7033  r=0.439  r̄=0.441  xppl=55.3  lr=5.89e-04  ‖g‖=0.58  flips=36,617  phase=b  tokens=102M (10%)  tok/s=5155  elapsed=19705s
  step  3125/30518  loss=5.8396  r=0.454  r̄=0.440  xppl=63.4  lr=5.89e-04  ‖g‖=0.42  flips=36,956  phase=b  tokens=102M (10%)  tok/s=5155  elapsed=19864s
  step  3150/30518  loss=5.8085  r=0.451  r̄=0.440  xppl=61.5  lr=5.89e-04  ‖g‖=0.82  flips=37,343  phase=b  tokens=103M (10%)  tok/s=5157  elapsed=20017s
  step  3175/30518  loss=5.7324  r=0.442  r̄=0.440  xppl=57.0  lr=5.88e-04  ‖g‖=0.26  flips=37,705  phase=b  tokens=104M (10%)  tok/s=5156  elapsed=20177s
  ── flip probe @ step 3200: 1,441 flips (0.004%) since last probe  total=38,058  φ-dev=1.3315  r_ema=0.440  phase=balance  consensus=50  eff_pct=0.000015 ──
  ── group factors: consolidate=1.26 meta=0.30 mod_projs=1.00 prep=0.70 s3=0.50 s4=0.50 stride_stack=1.38 ──
  ── group flips: consolidate=10 meta=3 mod_projs=1 prep=8 s3=123 stride_stack=208 ──
  step  3200/30518  loss=5.6457  r=0.433  r̄=0.440  xppl=52.2  lr=5.88e-04  ‖g‖=0.35  flips=38,058  phase=b  tokens=105M (10%)  tok/s=5158  elapsed=20331s
  step  3225/30518  loss=5.7548  r=0.445  r̄=0.439  xppl=58.3  lr=5.88e-04  ‖g‖=1.04  flips=38,389  phase=b  tokens=106M (11%)  tok/s=5158  elapsed=20490s
  step  3250/30518  loss=5.5191  r=0.419  r̄=0.437  xppl=46.0  lr=5.88e-04  ‖g‖=0.69  flips=38,717  phase=b  tokens=106M (11%)  tok/s=5159  elapsed=20643s
  step  3275/30518  loss=5.3908  r=0.405  r̄=0.436  xppl=40.5  lr=5.87e-04  ‖g‖=0.39  flips=39,064  phase=b  tokens=107M (11%)  tok/s=5159  elapsed=20801s
  ── flip probe @ step 3300: 1,332 flips (0.004%) since last probe  total=39,390  φ-dev=1.3935  r_ema=0.435  phase=balance  consensus=50  eff_pct=0.000015 ──
  ── group factors: consolidate=1.24 meta=0.30 mod_projs=1.00 prep=0.70 s3=0.50 s4=0.50 stride_stack=1.35 ──
  ── group flips: consolidate=6 mod_projs=2 prep=11 s3=114 s4=2 stride_stack=191 ──
  step  3300/30518  loss=5.8788  r=0.459  r̄=0.435  xppl=65.9  lr=5.87e-04  ‖g‖=0.34  flips=39,390  phase=b  tokens=108M (11%)  tok/s=5161  elapsed=20953s
  step  3325/30518  loss=5.6819  r=0.437  r̄=0.435  xppl=54.2  lr=5.87e-04  ‖g‖=0.29  flips=39,765  phase=b  tokens=109M (11%)  tok/s=5159  elapsed=21118s
  step  3350/30518  loss=5.9023  r=0.461  r̄=0.436  xppl=67.5  lr=5.87e-04  ‖g‖=0.41  flips=40,067  phase=b  tokens=110M (11%)  tok/s=5161  elapsed=21271s
  step  3375/30518  loss=5.6750  r=0.436  r̄=0.436  xppl=53.8  lr=5.87e-04  ‖g‖=0.28  flips=40,415  phase=b  tokens=111M (11%)  tok/s=5160  elapsed=21432s
  ── flip probe @ step 3400: 1,323 flips (0.004%) since last probe  total=40,713  φ-dev=1.3149  r_ema=0.434  phase=balance  consensus=50  eff_pct=0.000015 ──
  ── group factors: consolidate=1.21 meta=0.30 mod_projs=1.00 prep=0.70 s3=0.50 s4=0.50 stride_stack=1.32 ──
  ── group flips: consolidate=3 meta=1 mod_projs=7 prep=8 s3=98 stride_stack=181 ──
  step  3400/30518  loss=5.4727  r=0.414  r̄=0.434  xppl=43.9  lr=5.86e-04  ‖g‖=0.47  flips=40,713  phase=b  tokens=111M (11%)  tok/s=5161  elapsed=21585s
  step  3425/30518  loss=5.5959  r=0.428  r̄=0.434  xppl=49.7  lr=5.86e-04  ‖g‖=0.49  flips=41,061  phase=b  tokens=112M (11%)  tok/s=5160  elapsed=21749s
  step  3450/30518  loss=5.5827  r=0.426  r̄=0.433  xppl=49.0  lr=5.86e-04  ‖g‖=0.45  flips=41,403  phase=b  tokens=113M (11%)  tok/s=5161  elapsed=21903s
  step  3475/30518  loss=5.7232  r=0.442  r̄=0.432  xppl=56.4  lr=5.86e-04  ‖g‖=0.52  flips=41,722  phase=b  tokens=114M (11%)  tok/s=5160  elapsed=22066s
  ── flip probe @ step 3500: 1,306 flips (0.004%) since last probe  total=42,019  φ-dev=1.2573  r_ema=0.431  phase=balance  consensus=50  eff_pct=0.000015 ──
  ── group factors: consolidate=1.24 meta=0.30 mod_projs=1.00 prep=0.70 s3=0.50 s4=0.50 stride_stack=1.37 ──
  ── group flips: consolidate=4 meta=2 prep=6 s3=114 stride_stack=171 ──
  step  3500/30518  loss=5.5034  r=0.417  r̄=0.431  xppl=45.3  lr=5.85e-04  ‖g‖=0.46  flips=42,019  phase=b  tokens=115M (11%)  tok/s=5161  elapsed=22222s
  ── eval @ step 3500: loss=5.8682  r=0.457  xppl=65.3  ppl=353.6 ──
  ── φ-compression: L0_asc=-0.061 L1_asc=16.878 L2_apex=2.151 L1_desc=1.405 L0_desc=1.285  mean=4.332  φ-dev=3.985  (1/φ=0.618) ──
  ── gates (prep/conv/cons): L0_asc=[0.42 1.00 0.93] L1_asc=[0.29 0.71 0.24] L2_apex=[0.50 0.92 0.59] L1_desc=[0.73 0.89 0.80] L0_desc=[0.86 0.94 0.93] ──
  ── stratum loss: prose=6.677(r=0.546) compositional=7.354(r=0.620) technical=6.641(r=0.542) math=6.127(r=0.486)  spread=1.227 ──
  ── stratum weights: prose=0.98 compositional=1.10 technical=1.03 math=0.89 ──
  ── checkpoint 3500 (115M tokens) ──
     compile gate: 1/4
     total flips: 42,019 (0.1% cumulative)  consensus=50
     relational: r_ema=0.431  phase=balance  r_scale=1.52
     prep           : sparsity=0.310  gamma=0.0394  (2 modules)
     stride_stack   : sparsity=0.310  gamma=0.0334  (36 modules)
     consolidate    : sparsity=0.310  gamma=0.0383  (2 modules)
     s4             : sparsity=0.310  gamma=0.0286  (4 modules)
     s3             : sparsity=0.310  gamma=0.0419  (120 modules)
     mod_projs      : sparsity=0.309  gamma=-0.0005  (3 modules)
     meta           : sparsity=0.310  gamma=0.0483  (4 modules)
     φ-compression: L0_asc=-0.069 L1_asc=17.314 L2_apex=2.100 L1_desc=1.401 L0_desc=1.277  mean=4.405  φ-dev=4.061
     gates: L0_asc=[0.43 1.00 0.92] L1_asc=[0.31 0.73 0.24] L2_apex=[0.50 0.93 0.58] L1_desc=[0.73 0.89 0.83] L0_desc=[0.86 0.93 0.92]
     stratum loss: prose=6.692 compositional=7.219 technical=6.710 math=6.248
     saved: checkpoints/vsm-lm-v6/step_003500
  step  3525/30518  loss=5.8620  r=0.457  r̄=0.432  xppl=64.8  lr=5.85e-04  ‖g‖=0.34  flips=42,341  phase=b  tokens=116M (12%)  tok/s=5159  elapsed=22390s
  step  3550/30518  loss=5.7172  r=0.441  r̄=0.431  xppl=56.1  lr=5.85e-04  ‖g‖=0.31  flips=42,713  phase=b  tokens=116M (12%)  tok/s=5159  elapsed=22549s
  step  3575/30518  loss=5.6872  r=0.438  r̄=0.431  xppl=54.4  lr=5.85e-04  ‖g‖=0.43  flips=43,008  phase=b  tokens=117M (12%)  tok/s=5159  elapsed=22705s
  ── flip probe @ step 3600: 1,335 flips (0.004%) since last probe  total=43,354  φ-dev=1.3544  r_ema=0.431  phase=balance  consensus=50  eff_pct=0.000015 ──
  ── group factors: consolidate=1.21 meta=0.30 mod_projs=1.00 prep=0.70 s3=0.50 s4=0.50 stride_stack=1.31 ──
  ── group flips: consolidate=3 meta=2 mod_projs=3 prep=4 s3=143 s4=3 stride_stack=188 ──
  step  3600/30518  loss=5.3776  r=0.404  r̄=0.431  xppl=40.0  lr=5.84e-04  ‖g‖=0.57  flips=43,354  phase=b  tokens=118M (12%)  tok/s=5160  elapsed=22863s
  step  3625/30518  loss=5.6370  r=0.432  r̄=0.432  xppl=51.8  lr=5.84e-04  ‖g‖=0.44  flips=43,660  phase=b  tokens=119M (12%)  tok/s=5161  elapsed=23015s
  step  3650/30518  loss=5.5924  r=0.427  r̄=0.432  xppl=49.5  lr=5.84e-04  ‖g‖=0.33  flips=43,954  phase=b  tokens=120M (12%)  tok/s=5161  elapsed=23176s
  step  3675/30518  loss=5.7176  r=0.441  r̄=0.431  xppl=56.1  lr=5.84e-04  ‖g‖=0.27  flips=44,281  phase=b  tokens=120M (12%)  tok/s=5162  elapsed=23330s
  ── flip probe @ step 3700: 1,263 flips (0.004%) since last probe  total=44,617  φ-dev=1.3892  r_ema=0.430  phase=balance  consensus=50  eff_pct=0.000015 ──
  ── group factors: consolidate=1.24 meta=0.30 mod_projs=1.00 prep=0.70 s3=0.50 s4=0.50 stride_stack=1.36 ──
  ── group flips: consolidate=3 meta=2 mod_projs=3 prep=2 s3=121 s4=4 stride_stack=201 ──
  step  3700/30518  loss=5.5810  r=0.426  r̄=0.430  xppl=49.0  lr=5.83e-04  ‖g‖=0.40  flips=44,617  phase=b  tokens=121M (12%)  tok/s=5161  elapsed=23490s
  step  3725/30518  loss=5.6172  r=0.430  r̄=0.430  xppl=50.8  lr=5.83e-04  ‖g‖=0.48  flips=44,970  phase=b  tokens=122M (12%)  tok/s=5163  elapsed=23642s
  step  3750/30518  loss=5.6611  r=0.435  r̄=0.429  xppl=53.0  lr=5.83e-04  ‖g‖=0.32  flips=45,313  phase=b  tokens=123M (12%)  tok/s=5163  elapsed=23801s
  step  3775/30518  loss=5.2953  r=0.395  r̄=0.429  xppl=36.8  lr=5.83e-04  ‖g‖=0.34  flips=45,617  phase=b  tokens=124M (12%)  tok/s=5164  elapsed=23953s
  ── flip probe @ step 3800: 1,361 flips (0.004%) since last probe  total=45,978  φ-dev=1.2307  r_ema=0.428  phase=balance  consensus=50  eff_pct=0.000015 ──
  ── group factors: consolidate=1.26 meta=0.30 mod_projs=1.00 prep=0.70 s3=0.50 s4=0.50 stride_stack=1.39 ──
  ── group flips: consolidate=3 mod_projs=1 prep=1 s3=140 stride_stack=216 ──
  step  3800/30518  loss=5.4910  r=0.416  r̄=0.428  xppl=44.7  lr=5.82e-04  ‖g‖=0.35  flips=45,978  phase=b  tokens=125M (12%)  tok/s=5164  elapsed=24112s
  step  3825/30518  loss=5.1311  r=0.377  r̄=0.428  xppl=31.2  lr=5.82e-04  ‖g‖=0.60  flips=46,313  phase=b  tokens=125M (13%)  tok/s=5166  elapsed=24263s
  step  3850/30518  loss=5.8095  r=0.451  r̄=0.429  xppl=61.5  lr=5.82e-04  ‖g‖=0.41  flips=46,641  phase=b  tokens=126M (13%)  tok/s=5166  elapsed=24423s
  step  3875/30518  loss=5.6585  r=0.434  r̄=0.429  xppl=52.9  lr=5.81e-04  ‖g‖=0.30  flips=47,026  phase=b  tokens=127M (13%)  tok/s=5167  elapsed=24576s
  ── flip probe @ step 3900: 1,423 flips (0.004%) since last probe  total=47,401  φ-dev=1.1013  r_ema=0.429  phase=balance  consensus=50  eff_pct=0.000015 ──
  ── group factors: consolidate=1.26 meta=0.30 mod_projs=1.00 prep=0.70 s3=0.50 s4=0.50 stride_stack=1.39 ──
  ── group flips: consolidate=41 meta=5 mod_projs=16 prep=13 s3=106 s4=14 stride_stack=180 ──
  step  3900/30518  loss=5.4598  r=0.413  r̄=0.429  xppl=43.4  lr=5.81e-04  ‖g‖=0.39  flips=47,401  phase=b  tokens=128M (13%)  tok/s=5167  elapsed=24735s
  step  3925/30518  loss=5.6589  r=0.434  r̄=0.430  xppl=52.9  lr=5.81e-04  ‖g‖=0.28  flips=47,734  phase=b  tokens=129M (13%)  tok/s=5168  elapsed=24888s
  step  3950/30518  loss=5.9320  r=0.464  r̄=0.430  xppl=69.5  lr=5.81e-04  ‖g‖=0.35  flips=47,945  phase=b  tokens=129M (13%)  tok/s=5168  elapsed=25046s
  step  3975/30518  loss=5.5361  r=0.421  r̄=0.431  xppl=46.8  lr=5.80e-04  ‖g‖=0.31  flips=48,152  phase=b  tokens=130M (13%)  tok/s=5169  elapsed=25199s
  ── flip probe @ step 4000: 1,069 flips (0.003%) since last probe  total=48,470  φ-dev=1.1562  r_ema=0.429  phase=balance  consensus=50  eff_pct=0.000015 ──
  ── group factors: consolidate=1.22 meta=0.30 mod_projs=1.00 prep=0.70 s3=0.50 s4=0.50 stride_stack=1.33 ──
  ── group flips: consolidate=1 mod_projs=1 prep=4 s3=120 stride_stack=192 ──
  step  4000/30518  loss=5.2709  r=0.392  r̄=0.429  xppl=35.9  lr=5.80e-04  ‖g‖=0.39  flips=48,470  phase=b  tokens=131M (13%)  tok/s=5169  elapsed=25356s
  ── eval @ step 4000: loss=5.8345  r=0.454  xppl=63.1  ppl=341.9 ──
  ── φ-compression: L0_asc=-0.213 L1_asc=4.051 L2_apex=1.973 L1_desc=1.365 L0_desc=1.282  mean=1.692  φ-dev=1.406  (1/φ=0.618) ──
  ── gates (prep/conv/cons): L0_asc=[0.45 1.00 0.99] L1_asc=[0.33 0.66 0.21] L2_apex=[0.52 0.84 0.54] L1_desc=[0.79 0.78 0.73] L0_desc=[0.86 0.90 0.86] ──
  ── stratum loss: prose=6.674(r=0.546) compositional=7.172(r=0.600) technical=6.797(r=0.559) math=6.062(r=0.479)  spread=1.110 ──
  ── stratum weights: prose=0.99 compositional=1.10 technical=1.00 math=0.91 ──
  ── checkpoint 4000 (131M tokens) ──
     compile gate: 1/4
     total flips: 48,470 (0.1% cumulative)  consensus=50
     relational: r_ema=0.429  phase=balance  r_scale=1.52
     prep           : sparsity=0.310  gamma=0.0387  (2 modules)
     stride_stack   : sparsity=0.310  gamma=0.0328  (36 modules)
     consolidate    : sparsity=0.310  gamma=0.0387  (2 modules)
     s4             : sparsity=0.310  gamma=0.0275  (4 modules)
     s3             : sparsity=0.310  gamma=0.0407  (120 modules)
     mod_projs      : sparsity=0.309  gamma=-0.0006  (3 modules)
     meta           : sparsity=0.310  gamma=0.0493  (4 modules)
     φ-compression: L0_asc=-0.219 L1_asc=4.083 L2_apex=1.992 L1_desc=1.349 L0_desc=1.270  mean=1.695  φ-dev=1.412
     gates: L0_asc=[0.45 1.00 0.99] L1_asc=[0.33 0.67 0.20] L2_apex=[0.52 0.90 0.53] L1_desc=[0.81 0.80 0.74] L0_desc=[0.87 0.89 0.88]
     stratum loss: prose=6.576 compositional=7.188 technical=6.797 math=5.931
     saved: checkpoints/vsm-lm-v6/step_004000
  step  4025/30518  loss=5.5024  r=0.417  r̄=0.428  xppl=45.3  lr=5.80e-04  ‖g‖=0.33  flips=48,660  phase=b  tokens=132M (13%)  tok/s=5168  elapsed=25521s
  step  4050/30518  loss=5.4826  r=0.415  r̄=0.429  xppl=44.4  lr=5.80e-04  ‖g‖=0.34  flips=48,903  phase=b  tokens=133M (13%)  tok/s=5169  elapsed=25675s
  step  4075/30518  loss=5.3750  r=0.403  r̄=0.427  xppl=39.8  lr=5.79e-04  ‖g‖=0.42  flips=49,219  phase=b  tokens=134M (13%)  tok/s=5169  elapsed=25832s
  ── flip probe @ step 4100: 1,085 flips (0.003%) since last probe  total=49,555  φ-dev=1.2872  r_ema=0.427  phase=balance  consensus=50  eff_pct=0.000015 ──
  ── group factors: consolidate=1.29 meta=0.30 mod_projs=1.00 prep=0.70 s3=0.50 s4=0.50 stride_stack=1.43 ──
  ── group flips: consolidate=7 meta=5 prep=1 s3=122 stride_stack=201 ──
  step  4100/30518  loss=5.7542  r=0.445  r̄=0.427  xppl=58.2  lr=5.79e-04  ‖g‖=0.30  flips=49,555  phase=b  tokens=134M (13%)  tok/s=5170  elapsed=25988s
  step  4125/30518  loss=5.6004  r=0.428  r̄=0.427  xppl=49.9  lr=5.79e-04  ‖g‖=1.06  flips=49,881  phase=b  tokens=135M (14%)  tok/s=5170  elapsed=26145s
  step  4150/30518  loss=5.5651  r=0.424  r̄=0.428  xppl=48.2  lr=5.78e-04  ‖g‖=0.42  flips=50,216  phase=b  tokens=136M (14%)  tok/s=5171  elapsed=26298s
  step  4175/30518  loss=5.9049  r=0.461  r̄=0.429  xppl=67.7  lr=5.78e-04  ‖g‖=0.37  flips=50,556  phase=b  tokens=137M (14%)  tok/s=5170  elapsed=26459s
  ── flip probe @ step 4200: 1,331 flips (0.004%) since last probe  total=50,886  φ-dev=1.2980  r_ema=0.428  phase=balance  consensus=50  eff_pct=0.000015 ──
  ── group factors: consolidate=1.24 meta=0.30 mod_projs=1.00 prep=0.70 s3=0.50 s4=0.50 stride_stack=1.36 ──
  ── group flips: consolidate=13 meta=1 mod_projs=2 prep=4 s3=119 stride_stack=191 ──
  step  4200/30518  loss=5.2554  r=0.390  r̄=0.428  xppl=35.4  lr=5.78e-04  ‖g‖=0.34  flips=50,886  phase=b  tokens=138M (14%)  tok/s=5171  elapsed=26617s
  step  4225/30518  loss=5.6693  r=0.436  r̄=0.427  xppl=53.5  lr=5.77e-04  ‖g‖=0.50  flips=51,199  phase=b  tokens=138M (14%)  tok/s=5169  elapsed=26785s
  step  4250/30518  loss=5.3629  r=0.402  r̄=0.427  xppl=39.4  lr=5.77e-04  ‖g‖=0.37  flips=51,508  phase=b  tokens=139M (14%)  tok/s=5168  elapsed=26950s
  step  4275/30518  loss=5.6815  r=0.437  r̄=0.427  xppl=54.1  lr=5.77e-04  ‖g‖=0.32  flips=51,828  phase=b  tokens=140M (14%)  tok/s=5166  elapsed=27117s
  ── flip probe @ step 4300: 1,269 flips (0.004%) since last probe  total=52,155  φ-dev=1.3367  r_ema=0.426  phase=balance  consensus=50  eff_pct=0.000015 ──
  ── group factors: consolidate=1.23 meta=0.30 mod_projs=1.00 prep=0.70 s3=0.50 s4=0.50 stride_stack=1.35 ──
  ── group flips: consolidate=4 s3=118 stride_stack=205 ──
  step  4300/30518  loss=5.4807  r=0.415  r̄=0.426  xppl=44.3  lr=5.77e-04  ‖g‖=0.43  flips=52,155  phase=b  tokens=141M (14%)  tok/s=5165  elapsed=27280s
  step  4325/30518  loss=5.7132  r=0.440  r̄=0.425  xppl=55.9  lr=5.76e-04  ‖g‖=0.57  flips=52,469  phase=b  tokens=142M (14%)  tok/s=5162  elapsed=27453s
  step  4350/30518  loss=5.4794  r=0.415  r̄=0.425  xppl=44.2  lr=5.76e-04  ‖g‖=0.29  flips=52,794  phase=b  tokens=143M (14%)  tok/s=5162  elapsed=27615s
  step  4375/30518  loss=5.4321  r=0.410  r̄=0.425  xppl=42.2  lr=5.76e-04  ‖g‖=0.39  flips=53,179  phase=b  tokens=143M (14%)  tok/s=5161  elapsed=27779s
  ── flip probe @ step 4400: 1,350 flips (0.004%) since last probe  total=53,505  φ-dev=1.2220  r_ema=0.425  phase=balance  consensus=50  eff_pct=0.000015 ──
  ── group factors: consolidate=1.24 meta=0.30 mod_projs=1.00 prep=0.70 s3=0.50 s4=0.50 stride_stack=1.37 ──
  ── group flips: consolidate=1 meta=2 mod_projs=3 prep=6 s3=115 stride_stack=199 ──
  step  4400/30518  loss=5.4044  r=0.407  r̄=0.425  xppl=41.0  lr=5.75e-04  ‖g‖=0.31  flips=53,505  phase=b  tokens=144M (14%)  tok/s=5160  elapsed=27940s
  step  4425/30518  loss=5.7527  r=0.445  r̄=0.425  xppl=58.1  lr=5.75e-04  ‖g‖=0.52  flips=53,828  phase=b  tokens=145M (14%)  tok/s=5160  elapsed=28101s
  step  4450/30518  loss=5.5269  r=0.420  r̄=0.425  xppl=46.4  lr=5.75e-04  ‖g‖=0.52  flips=54,190  phase=b  tokens=146M (15%)  tok/s=5160  elapsed=28260s
  step  4475/30518  loss=5.6715  r=0.436  r̄=0.429  xppl=53.6  lr=5.74e-04  ‖g‖=0.55  flips=54,578  phase=b  tokens=147M (15%)  tok/s=5161  elapsed=28414s
  ── flip probe @ step 4500: 1,474 flips (0.004%) since last probe  total=54,979  φ-dev=1.5139  r_ema=0.430  phase=balance  consensus=50  eff_pct=0.000015 ──
  ── group factors: consolidate=1.32 meta=0.30 mod_projs=1.00 prep=0.70 s3=0.50 s4=0.50 stride_stack=1.47 ──
  ── group flips: consolidate=38 meta=1 mod_projs=9 prep=15 s3=119 s4=33 stride_stack=186 ──
  step  4500/30518  loss=5.8406  r=0.454  r̄=0.430  xppl=63.5  lr=5.74e-04  ‖g‖=0.39  flips=54,979  phase=b  tokens=147M (15%)  tok/s=5160  elapsed=28575s
  ── eval @ step 4500: loss=5.8642  r=0.457  xppl=65.0  ppl=352.2 ──
  ── φ-compression: L0_asc=0.822 L1_asc=0.449 L2_apex=-1.695 L1_desc=2.183 L0_desc=1.485  mean=0.649  φ-dev=1.024  (1/φ=0.618) ──
  ── gates (prep/conv/cons): L0_asc=[0.40 0.35 0.32] L1_asc=[0.06 0.56 0.36] L2_apex=[0.47 0.99 0.68] L1_desc=[0.93 0.95 0.92] L0_desc=[0.93 0.96 0.94] ──
  ── stratum loss: prose=6.509(r=0.527) compositional=7.480(r=0.634) technical=6.539(r=0.531) math=6.239(r=0.498)  spread=1.241 ──
  ── stratum weights: prose=0.99 compositional=1.11 technical=1.04 math=0.86 ──
  ── checkpoint 4500 (147M tokens) ──
     compile gate: 1/4
     total flips: 54,979 (0.2% cumulative)  consensus=50
     relational: r_ema=0.430  phase=balance  r_scale=1.52
     prep           : sparsity=0.310  gamma=0.0366  (2 modules)
     stride_stack   : sparsity=0.310  gamma=0.0321  (36 modules)
     consolidate    : sparsity=0.310  gamma=0.0364  (2 modules)
     s4             : sparsity=0.310  gamma=0.0271  (4 modules)
     s3             : sparsity=0.310  gamma=0.0402  (120 modules)
     mod_projs      : sparsity=0.309  gamma=-0.0006  (3 modules)
     meta           : sparsity=0.310  gamma=0.0483  (4 modules)
     φ-compression: L0_asc=0.812 L1_asc=0.403 L2_apex=-1.979 L1_desc=2.155 L0_desc=1.477  mean=0.574  φ-dev=1.081
     gates: L0_asc=[0.39 0.38 0.33] L1_asc=[0.07 0.59 0.38] L2_apex=[0.47 0.99 0.69] L1_desc=[0.93 0.97 0.92] L0_desc=[0.93 0.96 0.94]
     stratum loss: prose=6.477 compositional=7.461 technical=6.633 math=6.129
     saved: checkpoints/vsm-lm-v6/step_004500
  step  4525/30518  loss=5.5912  r=0.427  r̄=0.431  xppl=49.5  lr=5.74e-04  ‖g‖=0.42  flips=55,388  phase=b  tokens=148M (15%)  tok/s=5159  elapsed=28739s
  step  4550/30518  loss=5.5103  r=0.418  r̄=0.430  xppl=45.6  lr=5.73e-04  ‖g‖=0.37  flips=55,787  phase=b  tokens=149M (15%)  tok/s=5158  elapsed=28903s
  step  4575/30518  loss=5.6532  r=0.434  r̄=0.429  xppl=52.6  lr=5.73e-04  ‖g‖=0.31  flips=56,138  phase=b  tokens=150M (15%)  tok/s=5158  elapsed=29063s
  ── flip probe @ step 4600: 1,471 flips (0.004%) since last probe  total=56,450  φ-dev=1.2651  r_ema=0.427  phase=balance  consensus=50  eff_pct=0.000015 ──
  ── group factors: consolidate=1.31 meta=0.30 mod_projs=1.00 prep=0.70 s3=0.50 s4=0.50 stride_stack=1.46 ──
  ── group flips: consolidate=6 mod_projs=3 prep=4 s3=96 s4=10 stride_stack=193 ──
  step  4600/30518  loss=5.6130  r=0.429  r̄=0.427  xppl=50.6  lr=5.73e-04  ‖g‖=0.83  flips=56,450  phase=b  tokens=151M (15%)  tok/s=5157  elapsed=29229s
  step  4625/30518  loss=5.5830  r=0.426  r̄=0.427  xppl=49.1  lr=5.72e-04  ‖g‖=0.38  flips=56,768  phase=b  tokens=152M (15%)  tok/s=5158  elapsed=29385s
  step  4650/30518  loss=5.3452  r=0.400  r̄=0.426  xppl=38.7  lr=5.72e-04  ‖g‖=0.31  flips=57,098  phase=b  tokens=152M (15%)  tok/s=5156  elapsed=29551s
